{"devicePlatform":"","logFolder":"C:\\Users\\jcn9\\git\\TechnoQA\\Reports\\R2018x\\Scenarios Test Suites\\SCN047864 Auto_3DCityCity Referential test\\20180314_140654","runData":{"hostName":"JCN9 - LW5-JCN9-DSY.dsone.3ds.com","os":"Windows 10 64bit","katalonVersion":"5.3.1.1","browser":"Chrome 64.0.3282.186","hostAddress":"10.237.173.100","sessionId":"80f68a996894c3dc0c55d9be78da9b1a","seleniumVersion":"3.7.1","proxyInformation":"ProxyInformation{proxyOption\u003dNO_PROXY, proxyServerType\u003dHTTP, password\u003d, proxyServerAddress\u003d, proxyServerPort\u003d0}","platform":"Windows 10"},"type":"TEST_SUITE","name":"SCN047864 Auto_3DCityCity Referential test","id":"Test Suites/R2018x/Scenarios Test Suites/SCN047864 Auto_3DCityCity Referential test","source":"","message":"Test Cases/Scenarios/SCN047864 Auto_3DCityCity Referential test FAILED because (of) Unable to click on object \u0027Object Repository/CreateNewDashboardAndTab/Page_CreateNewDashboard/button_Create\u0027 (Root cause: org.openqa.selenium.WebDriverException: unknown error: Element \u003cbutton type\u003d\"button\" class\u003d\"btn-primary btn btn-root\"\u003e...\u003c/button\u003e is not clickable at point (1115, 405). Other element would receive the click: \u003cdiv class\u003d\"ds-coachmark-content-image ds-coachmark-content-en-1\"\u003e\u003c/div\u003e\n  (Session info: chrome\u003d64.0.3282.186)\n  (Driver info: chromedriver\u003d2.35.528161 (5b82f2d2aae0ca24b877009200ced9065a772e73),platform\u003dWindows NT 10.0.15063 x86_64) (WARNING: The server did not provide any stacktrace information)\nCommand duration or timeout: 0 milliseconds\nBuild info: version: \u00273.7.1\u0027, revision: \u00278a0099a\u0027, time: \u00272017-11-06T21:07:36.161Z\u0027\nSystem info: host: \u0027LW5-JCN9-DSY\u0027, ip: \u002710.237.173.100\u0027, os.name: \u0027Windows 10\u0027, os.arch: \u0027amd64\u0027, os.version: \u002710.0\u0027, java.version: \u00271.8.0_102\u0027\nDriver info: com.kms.katalon.selenium.driver.CChromeDriver\nCapabilities {acceptInsecureCerts: false, acceptSslCerts: false, applicationCacheEnabled: false, browserConnectionEnabled: false, browserName: chrome, chrome: {chromedriverVersion: 2.35.528161 (5b82f2d2aae0ca..., userDataDir: C:\\Users\\jcn9\\AppData\\Local...}, cssSelectorsEnabled: true, databaseEnabled: false, handlesAlerts: true, hasTouchScreen: false, javascriptEnabled: true, locationContextEnabled: true, mobileEmulationEnabled: false, nativeEvents: true, networkConnectionEnabled: false, pageLoadStrategy: normal, platform: XP, platformName: XP, rotatable: false, setWindowRect: true, takesHeapSnapshot: true, takesScreenshot: true, unexpectedAlertBehaviour: , unhandledPromptBehavior: , version: 64.0.3282.186, webStorageEnabled: true}\nSession ID: 80f68a996894c3dc0c55d9be78da9b1a)","description":"SCN047864 Auto_3DCityCity Referential test","startTime":1521032815588,"endTime":1521032832492,"childRecords":[{"isOptional":false,"type":"TEST_CASE","name":"Test Cases/Scenarios/SCN047864 Auto_3DCityCity Referential test","id":"Test Cases/Scenarios/SCN047864 Auto_3DCityCity Referential test","source":"C:\\\\Users\\\\jcn9\\\\git\\\\TechnoQA\\\\Test Cases\\\\Scenarios\\\\SCN047864 Auto_3DCityCity Referential test.tc","message":"Test Cases/Scenarios/SCN047864 Auto_3DCityCity Referential test FAILED because (of) Unable to click on object \u0027Object Repository/CreateNewDashboardAndTab/Page_CreateNewDashboard/button_Create\u0027 (Root cause: org.openqa.selenium.WebDriverException: unknown error: Element \u003cbutton type\u003d\"button\" class\u003d\"btn-primary btn btn-root\"\u003e...\u003c/button\u003e is not clickable at point (1115, 405). Other element would receive the click: \u003cdiv class\u003d\"ds-coachmark-content-image ds-coachmark-content-en-1\"\u003e\u003c/div\u003e\n  (Session info: chrome\u003d64.0.3282.186)\n  (Driver info: chromedriver\u003d2.35.528161 (5b82f2d2aae0ca24b877009200ced9065a772e73),platform\u003dWindows NT 10.0.15063 x86_64) (WARNING: The server did not provide any stacktrace information)\nCommand duration or timeout: 0 milliseconds\nBuild info: version: \u00273.7.1\u0027, revision: \u00278a0099a\u0027, time: \u00272017-11-06T21:07:36.161Z\u0027\nSystem info: host: \u0027LW5-JCN9-DSY\u0027, ip: \u002710.237.173.100\u0027, os.name: \u0027Windows 10\u0027, os.arch: \u0027amd64\u0027, os.version: \u002710.0\u0027, java.version: \u00271.8.0_102\u0027\nDriver info: com.kms.katalon.selenium.driver.CChromeDriver\nCapabilities {acceptInsecureCerts: false, acceptSslCerts: false, applicationCacheEnabled: false, browserConnectionEnabled: false, browserName: chrome, chrome: {chromedriverVersion: 2.35.528161 (5b82f2d2aae0ca..., userDataDir: C:\\Users\\jcn9\\AppData\\Local...}, cssSelectorsEnabled: true, databaseEnabled: false, handlesAlerts: true, hasTouchScreen: false, javascriptEnabled: true, locationContextEnabled: true, mobileEmulationEnabled: false, nativeEvents: true, networkConnectionEnabled: false, pageLoadStrategy: normal, platform: XP, platformName: XP, rotatable: false, setWindowRect: true, takesHeapSnapshot: true, takesScreenshot: true, unexpectedAlertBehaviour: , unhandledPromptBehavior: , version: 64.0.3282.186, webStorageEnabled: true}\nSession ID: 80f68a996894c3dc0c55d9be78da9b1a)","description":"SCN047864  Auto_3DCityCity Referential test","startTime":1521032815857,"endTime":1521032831733,"childRecords":[{"testStatus":{"stackTrace":"","statusValue":"INFO"},"type":"MESSAGE","name":"","message":"Evaluating variables for test case","startTime":1521032815877,"endTime":0,"childRecords":[],"interuppted":false},{"index":1,"isIgnoredIfFailed":false,"type":"TEST_STEP","name":"callTestCase","message":"Call Test Case \u0027Test Cases/NavigateURLR2018x\u0027 successfully","description":"","startTime":1521032816102,"endTime":1521032820425,"childRecords":[{"isOptional":false,"type":"TEST_CASE","name":"Test Cases/NavigateURLR2018x","id":"Test Cases/NavigateURLR2018x","source":"C:\\\\Users\\\\jcn9\\\\git\\\\TechnoQA\\\\Test Cases\\\\NavigateURLR2018x.tc","message":"Test Cases/NavigateURLR2018x","description":"NavigateURL","startTime":1521032816197,"endTime":1521032820422,"childRecords":[{"testStatus":{"stackTrace":"","statusValue":"INFO"},"type":"MESSAGE","name":"","message":"Evaluating variables for test case","startTime":1521032816205,"endTime":0,"childRecords":[],"interuppted":false},{"index":1,"isIgnoredIfFailed":false,"type":"TEST_STEP","name":"openBrowser","message":"Browser is opened with url: \u0027\u0027","description":"Open Browser","startTime":1521032816293,"endTime":1521032819042,"childRecords":[{"testStatus":{"stackTrace":"","statusValue":"PASSED"},"type":"MESSAGE","name":"","message":"Browser is opened with url: \u0027\u0027","startTime":1521032819042,"endTime":0,"childRecords":[],"interuppted":false}],"interuppted":false},{"index":2,"isIgnoredIfFailed":false,"type":"TEST_STEP","name":"navigateToUrl","message":"Navigate to \u0027https://euw1-20qna10312-ifwe.3dx-staging.3ds.com/\u0027 successfully","description":"Enter POD URL in the browser","startTime":1521032819043,"endTime":1521032819290,"childRecords":[{"testStatus":{"stackTrace":"","statusValue":"PASSED"},"type":"MESSAGE","name":"","message":"Navigate to \u0027https://euw1-20qna10312-ifwe.3dx-staging.3ds.com/\u0027 successfully","startTime":1521032819290,"endTime":0,"childRecords":[],"interuppted":false}],"interuppted":false},{"index":3,"isIgnoredIfFailed":false,"type":"TEST_STEP","name":"maximizeWindow","message":"Current window maximized","description":"Maximize the browser window","startTime":1521032819290,"endTime":1521032820421,"childRecords":[{"testStatus":{"stackTrace":"","statusValue":"PASSED"},"type":"MESSAGE","name":"","message":"Current window maximized","startTime":1521032820421,"endTime":0,"childRecords":[],"interuppted":false}],"interuppted":false},{"testStatus":{"stackTrace":"","statusValue":"PASSED"},"type":"MESSAGE","name":"","message":"Test Cases/NavigateURLR2018x","startTime":1521032820421,"endTime":0,"childRecords":[],"interuppted":false}],"interuppted":false},{"testStatus":{"stackTrace":"","statusValue":"PASSED"},"type":"MESSAGE","name":"","message":"Call Test Case \u0027Test Cases/NavigateURLR2018x\u0027 successfully","startTime":1521032820425,"endTime":0,"childRecords":[],"interuppted":false}],"interuppted":false},{"index":2,"isIgnoredIfFailed":false,"type":"TEST_STEP","name":"callTestCase","message":"Call Test Case \u0027Test Cases/LoginToPod\u0027 successfully","description":"","startTime":1521032820426,"endTime":1521032829887,"childRecords":[{"isOptional":false,"type":"TEST_CASE","name":"Test Cases/LoginToPod","id":"Test Cases/LoginToPod","source":"C:\\\\Users\\\\jcn9\\\\git\\\\TechnoQA\\\\Test Cases\\\\LoginToPod.tc","message":"Test Cases/LoginToPod","description":"LoginToPod","startTime":1521032820482,"endTime":1521032829886,"childRecords":[{"testStatus":{"stackTrace":"","statusValue":"INFO"},"type":"MESSAGE","name":"","message":"Evaluating variables for test case","startTime":1521032820493,"endTime":0,"childRecords":[],"interuppted":false},{"index":1,"isIgnoredIfFailed":false,"type":"TEST_STEP","name":"openBrowser","message":"NOT_RUN: openBrowser","description":"Open Browser","startTime":1521032820616,"endTime":1521032820617,"childRecords":[{"testStatus":{"stackTrace":"","statusValue":"NOT_RUN"},"type":"MESSAGE","name":"","message":"NOT_RUN: openBrowser","startTime":1521032820616,"endTime":0,"childRecords":[],"interuppted":false}],"interuppted":false},{"index":2,"isIgnoredIfFailed":false,"type":"TEST_STEP","name":"navigateToUrl","message":"NOT_RUN: navigateToUrl","description":"Enter POD URL in the browser","startTime":1521032820617,"endTime":1521032820619,"childRecords":[{"testStatus":{"stackTrace":"","statusValue":"NOT_RUN"},"type":"MESSAGE","name":"","message":"NOT_RUN: navigateToUrl","startTime":1521032820618,"endTime":0,"childRecords":[],"interuppted":false}],"interuppted":false},{"index":3,"isIgnoredIfFailed":false,"type":"TEST_STEP","name":"maximizeWindow","message":"NOT_RUN: maximizeWindow","description":"Maximize the browser window","startTime":1521032820619,"endTime":1521032820620,"childRecords":[{"testStatus":{"stackTrace":"","statusValue":"NOT_RUN"},"type":"MESSAGE","name":"","message":"NOT_RUN: maximizeWindow","startTime":1521032820619,"endTime":0,"childRecords":[],"interuppted":false}],"interuppted":false},{"index":4,"isIgnoredIfFailed":false,"type":"TEST_STEP","name":"callTestCase","message":"NOT_RUN: callTestCase","description":"","startTime":1521032820620,"endTime":1521032820621,"childRecords":[{"testStatus":{"stackTrace":"","statusValue":"NOT_RUN"},"type":"MESSAGE","name":"","message":"NOT_RUN: callTestCase","startTime":1521032820621,"endTime":0,"childRecords":[],"interuppted":false}],"interuppted":false},{"index":5,"isIgnoredIfFailed":false,"type":"TEST_STEP","name":"setText","message":"Text \u0027Technoqa\u0027 is set on object \u0027Object Repository/LoginToPod/Page_3DPassport - Login/input_username\u0027","description":"Enter user name","startTime":1521032820621,"endTime":1521032820850,"childRecords":[{"testStatus":{"stackTrace":"","statusValue":"PASSED"},"type":"MESSAGE","name":"","message":"Text \u0027Technoqa\u0027 is set on object \u0027Object Repository/LoginToPod/Page_3DPassport - Login/input_username\u0027","startTime":1521032820849,"endTime":0,"childRecords":[],"interuppted":false}],"interuppted":false},{"index":6,"isIgnoredIfFailed":false,"type":"TEST_STEP","name":"setText","message":"Text \u0027Techno2016#\u0027 is set on object \u0027Object Repository/LoginToPod/Page_3DPassport - Login/input_password\u0027","description":"Enter password","startTime":1521032820850,"endTime":1521032820944,"childRecords":[{"testStatus":{"stackTrace":"","statusValue":"PASSED"},"type":"MESSAGE","name":"","message":"Text \u0027Techno2016#\u0027 is set on object \u0027Object Repository/LoginToPod/Page_3DPassport - Login/input_password\u0027","startTime":1521032820944,"endTime":0,"childRecords":[],"interuppted":false}],"interuppted":false},{"index":7,"isIgnoredIfFailed":false,"type":"TEST_STEP","name":"verifyElementVisible","message":"Object \u0027Object Repository/LoginToPod/Page_3DPassport - Login/input_uwa-submit uwa-submit-ro\u0027 is visible","description":"","startTime":1521032820944,"endTime":1521032820987,"childRecords":[{"testStatus":{"stackTrace":"","statusValue":"PASSED"},"type":"MESSAGE","name":"","message":"Object \u0027Object Repository/LoginToPod/Page_3DPassport - Login/input_uwa-submit uwa-submit-ro\u0027 is visible","startTime":1521032820987,"endTime":0,"childRecords":[],"interuppted":false}],"interuppted":false},{"index":8,"isIgnoredIfFailed":false,"type":"TEST_STEP","name":"click","message":"Object: \u0027Object Repository/LoginToPod/Page_3DPassport - Login/input_uwa-submit uwa-submit-ro\u0027 is clicked on","description":"Click on submit button","startTime":1521032820987,"endTime":1521032821566,"childRecords":[{"testStatus":{"stackTrace":"","statusValue":"PASSED"},"type":"MESSAGE","name":"","message":"Object: \u0027Object Repository/LoginToPod/Page_3DPassport - Login/input_uwa-submit uwa-submit-ro\u0027 is clicked on","startTime":1521032821565,"endTime":0,"childRecords":[],"interuppted":false}],"interuppted":false},{"index":9,"isIgnoredIfFailed":false,"type":"TEST_STEP","name":"verifyElementVisible","message":"Object \u0027Object Repository/LoginToPod/Page_3DPassport - Login/span_3DEXPERIENCE\u0027 is visible","description":"","startTime":1521032821566,"endTime":1521032829886,"childRecords":[{"testStatus":{"stackTrace":"","statusValue":"PASSED"},"type":"MESSAGE","name":"","message":"Object \u0027Object Repository/LoginToPod/Page_3DPassport - Login/span_3DEXPERIENCE\u0027 is visible","startTime":1521032829885,"endTime":0,"childRecords":[],"interuppted":false}],"interuppted":false},{"testStatus":{"stackTrace":"","statusValue":"PASSED"},"type":"MESSAGE","name":"","message":"Test Cases/LoginToPod","startTime":1521032829886,"endTime":0,"childRecords":[],"interuppted":false}],"interuppted":false},{"testStatus":{"stackTrace":"","statusValue":"PASSED"},"type":"MESSAGE","name":"","message":"Call Test Case \u0027Test Cases/LoginToPod\u0027 successfully","startTime":1521032829887,"endTime":0,"childRecords":[],"interuppted":false}],"interuppted":false},{"index":3,"isIgnoredIfFailed":false,"type":"TEST_STEP","name":"callTestCase","message":"Unable to call Test Case with id \u0027Test Cases/DashboardFunctions/CreateNewDashboard\u0027 (Root cause: Call Test Case \u0027Test Cases/DashboardFunctions/CreateNewDashboard\u0027 failed)","description":"","startTime":1521032829887,"endTime":1521032831732,"childRecords":[{"isOptional":false,"type":"TEST_CASE","name":"Test Cases/DashboardFunctions/CreateNewDashboard","id":"Test Cases/DashboardFunctions/CreateNewDashboard","source":"C:\\\\Users\\\\jcn9\\\\git\\\\TechnoQA\\\\Test Cases\\\\DashboardFunctions\\\\CreateNewDashboard.tc","message":"Test Cases/DashboardFunctions/CreateNewDashboard FAILED because (of) Unable to click on object \u0027Object Repository/CreateNewDashboardAndTab/Page_CreateNewDashboard/button_Create\u0027 (Root cause: org.openqa.selenium.WebDriverException: unknown error: Element \u003cbutton type\u003d\"button\" class\u003d\"btn-primary btn btn-root\"\u003e...\u003c/button\u003e is not clickable at point (1115, 405). Other element would receive the click: \u003cdiv class\u003d\"ds-coachmark-content-image ds-coachmark-content-en-1\"\u003e\u003c/div\u003e\n  (Session info: chrome\u003d64.0.3282.186)\n  (Driver info: chromedriver\u003d2.35.528161 (5b82f2d2aae0ca24b877009200ced9065a772e73),platform\u003dWindows NT 10.0.15063 x86_64) (WARNING: The server did not provide any stacktrace information)\nCommand duration or timeout: 0 milliseconds\nBuild info: version: \u00273.7.1\u0027, revision: \u00278a0099a\u0027, time: \u00272017-11-06T21:07:36.161Z\u0027\nSystem info: host: \u0027LW5-JCN9-DSY\u0027, ip: \u002710.237.173.100\u0027, os.name: \u0027Windows 10\u0027, os.arch: \u0027amd64\u0027, os.version: \u002710.0\u0027, java.version: \u00271.8.0_102\u0027\nDriver info: com.kms.katalon.selenium.driver.CChromeDriver\nCapabilities {acceptInsecureCerts: false, acceptSslCerts: false, applicationCacheEnabled: false, browserConnectionEnabled: false, browserName: chrome, chrome: {chromedriverVersion: 2.35.528161 (5b82f2d2aae0ca..., userDataDir: C:\\Users\\jcn9\\AppData\\Local...}, cssSelectorsEnabled: true, databaseEnabled: false, handlesAlerts: true, hasTouchScreen: false, javascriptEnabled: true, locationContextEnabled: true, mobileEmulationEnabled: false, nativeEvents: true, networkConnectionEnabled: false, pageLoadStrategy: normal, platform: XP, platformName: XP, rotatable: false, setWindowRect: true, takesHeapSnapshot: true, takesScreenshot: true, unexpectedAlertBehaviour: , unhandledPromptBehavior: , version: 64.0.3282.186, webStorageEnabled: true}\nSession ID: 80f68a996894c3dc0c55d9be78da9b1a)","description":"CreateNewDashboard","startTime":1521032829947,"endTime":1521032831731,"childRecords":[{"testStatus":{"stackTrace":"","statusValue":"INFO"},"type":"MESSAGE","name":"","message":"Evaluating variables for test case","startTime":1521032829959,"endTime":0,"childRecords":[],"interuppted":false},{"index":1,"isIgnoredIfFailed":false,"type":"TEST_STEP","name":"click","message":"Object: \u0027Object Repository/CreateNewDashboardAndTab/Page_CreateNewDashboard/div_dashboard-actions-holder f\u0027 is clicked on","description":"Click on DropDown arrow of the topbar","startTime":1521032830108,"endTime":1521032830792,"childRecords":[{"testStatus":{"stackTrace":"","statusValue":"PASSED"},"type":"MESSAGE","name":"","message":"Object: \u0027Object Repository/CreateNewDashboardAndTab/Page_CreateNewDashboard/div_dashboard-actions-holder f\u0027 is clicked on","startTime":1521032830791,"endTime":0,"childRecords":[],"interuppted":false}],"interuppted":false},{"index":2,"isIgnoredIfFailed":false,"type":"TEST_STEP","name":"click","message":"Object: \u0027Object Repository/CreateNewDashboardAndTab/Page_CreateNewDashboard/span_Add Dashboard...\u0027 is clicked on","description":"Click on \\\"Add Dashboard\\\" Button in the menu","startTime":1521032830792,"endTime":1521032830938,"childRecords":[{"testStatus":{"stackTrace":"","statusValue":"PASSED"},"type":"MESSAGE","name":"","message":"Object: \u0027Object Repository/CreateNewDashboardAndTab/Page_CreateNewDashboard/span_Add Dashboard...\u0027 is clicked on","startTime":1521032830938,"endTime":0,"childRecords":[],"interuppted":false}],"interuppted":false},{"index":3,"isIgnoredIfFailed":false,"type":"TEST_STEP","name":"setText","message":"Text \u0027Test JCN9 auto\u0027 is set on object \u0027Object Repository/CreateNewDashboardAndTab/Page_CreateNewDashboard/input_form-control form-contro\u0027","description":"Give the Dashboard neame","startTime":1521032830938,"endTime":1521032831179,"childRecords":[{"testStatus":{"stackTrace":"","statusValue":"PASSED"},"type":"MESSAGE","name":"","message":"Text \u0027Test JCN9 auto\u0027 is set on object \u0027Object Repository/CreateNewDashboardAndTab/Page_CreateNewDashboard/input_form-control form-contro\u0027","startTime":1521032831179,"endTime":0,"childRecords":[],"interuppted":false}],"interuppted":false},{"attachment":"1521032831319.png","index":4,"isIgnoredIfFailed":false,"type":"TEST_STEP","name":"click","message":"Unable to click on object \u0027Object Repository/CreateNewDashboardAndTab/Page_CreateNewDashboard/button_Create\u0027 (Root cause: org.openqa.selenium.WebDriverException: unknown error: Element \u003cbutton type\u003d\"button\" class\u003d\"btn-primary btn btn-root\"\u003e...\u003c/button\u003e is not clickable at point (1115, 405). Other element would receive the click: \u003cdiv class\u003d\"ds-coachmark-content-image ds-coachmark-content-en-1\"\u003e\u003c/div\u003e\n  (Session info: chrome\u003d64.0.3282.186)\n  (Driver info: chromedriver\u003d2.35.528161 (5b82f2d2aae0ca24b877009200ced9065a772e73),platform\u003dWindows NT 10.0.15063 x86_64) (WARNING: The server did not provide any stacktrace information)\nCommand duration or timeout: 0 milliseconds\nBuild info: version: \u00273.7.1\u0027, revision: \u00278a0099a\u0027, time: \u00272017-11-06T21:07:36.161Z\u0027\nSystem info: host: \u0027LW5-JCN9-DSY\u0027, ip: \u002710.237.173.100\u0027, os.name: \u0027Windows 10\u0027, os.arch: \u0027amd64\u0027, os.version: \u002710.0\u0027, java.version: \u00271.8.0_102\u0027\nDriver info: com.kms.katalon.selenium.driver.CChromeDriver\nCapabilities {acceptInsecureCerts: false, acceptSslCerts: false, applicationCacheEnabled: false, browserConnectionEnabled: false, browserName: chrome, chrome: {chromedriverVersion: 2.35.528161 (5b82f2d2aae0ca..., userDataDir: C:\\Users\\jcn9\\AppData\\Local...}, cssSelectorsEnabled: true, databaseEnabled: false, handlesAlerts: true, hasTouchScreen: false, javascriptEnabled: true, locationContextEnabled: true, mobileEmulationEnabled: false, nativeEvents: true, networkConnectionEnabled: false, pageLoadStrategy: normal, platform: XP, platformName: XP, rotatable: false, setWindowRect: true, takesHeapSnapshot: true, takesScreenshot: true, unexpectedAlertBehaviour: , unhandledPromptBehavior: , version: 64.0.3282.186, webStorageEnabled: true}\nSession ID: 80f68a996894c3dc0c55d9be78da9b1a)","description":"Click on create button","startTime":1521032831180,"endTime":1521032831729,"childRecords":[{"testStatus":{"stackTrace":"","statusValue":"FAILED"},"attachment":"1521032831319.png","type":"MESSAGE","name":"","message":"Unable to click on object \u0027Object Repository/CreateNewDashboardAndTab/Page_CreateNewDashboard/button_Create\u0027 (Root cause: org.openqa.selenium.WebDriverException: unknown error: Element \u003cbutton type\u003d\"button\" class\u003d\"btn-primary btn btn-root\"\u003e...\u003c/button\u003e is not clickable at point (1115, 405). Other element would receive the click: \u003cdiv class\u003d\"ds-coachmark-content-image ds-coachmark-content-en-1\"\u003e\u003c/div\u003e\n  (Session info: chrome\u003d64.0.3282.186)\n  (Driver info: chromedriver\u003d2.35.528161 (5b82f2d2aae0ca24b877009200ced9065a772e73),platform\u003dWindows NT 10.0.15063 x86_64) (WARNING: The server did not provide any stacktrace information)\nCommand duration or timeout: 0 milliseconds\nBuild info: version: \u00273.7.1\u0027, revision: \u00278a0099a\u0027, time: \u00272017-11-06T21:07:36.161Z\u0027\nSystem info: host: \u0027LW5-JCN9-DSY\u0027, ip: \u002710.237.173.100\u0027, os.name: \u0027Windows 10\u0027, os.arch: \u0027amd64\u0027, os.version: \u002710.0\u0027, java.version: \u00271.8.0_102\u0027\nDriver info: com.kms.katalon.selenium.driver.CChromeDriver\nCapabilities {acceptInsecureCerts: false, acceptSslCerts: false, applicationCacheEnabled: false, browserConnectionEnabled: false, browserName: chrome, chrome: {chromedriverVersion: 2.35.528161 (5b82f2d2aae0ca..., userDataDir: C:\\Users\\jcn9\\AppData\\Local...}, cssSelectorsEnabled: true, databaseEnabled: false, handlesAlerts: true, hasTouchScreen: false, javascriptEnabled: true, locationContextEnabled: true, mobileEmulationEnabled: false, nativeEvents: true, networkConnectionEnabled: false, pageLoadStrategy: normal, platform: XP, platformName: XP, rotatable: false, setWindowRect: true, takesHeapSnapshot: true, takesScreenshot: true, unexpectedAlertBehaviour: , unhandledPromptBehavior: , version: 64.0.3282.186, webStorageEnabled: true}\nSession ID: 80f68a996894c3dc0c55d9be78da9b1a)","startTime":1521032831728,"endTime":0,"childRecords":[],"interuppted":false}],"interuppted":false},{"testStatus":{"stackTrace":"","statusValue":"FAILED"},"type":"MESSAGE","name":"","message":"Test Cases/DashboardFunctions/CreateNewDashboard FAILED because (of) Unable to click on object \u0027Object Repository/CreateNewDashboardAndTab/Page_CreateNewDashboard/button_Create\u0027 (Root cause: org.openqa.selenium.WebDriverException: unknown error: Element \u003cbutton type\u003d\"button\" class\u003d\"btn-primary btn btn-root\"\u003e...\u003c/button\u003e is not clickable at point (1115, 405). Other element would receive the click: \u003cdiv class\u003d\"ds-coachmark-content-image ds-coachmark-content-en-1\"\u003e\u003c/div\u003e\n  (Session info: chrome\u003d64.0.3282.186)\n  (Driver info: chromedriver\u003d2.35.528161 (5b82f2d2aae0ca24b877009200ced9065a772e73),platform\u003dWindows NT 10.0.15063 x86_64) (WARNING: The server did not provide any stacktrace information)\nCommand duration or timeout: 0 milliseconds\nBuild info: version: \u00273.7.1\u0027, revision: \u00278a0099a\u0027, time: \u00272017-11-06T21:07:36.161Z\u0027\nSystem info: host: \u0027LW5-JCN9-DSY\u0027, ip: \u002710.237.173.100\u0027, os.name: \u0027Windows 10\u0027, os.arch: \u0027amd64\u0027, os.version: \u002710.0\u0027, java.version: \u00271.8.0_102\u0027\nDriver info: com.kms.katalon.selenium.driver.CChromeDriver\nCapabilities {acceptInsecureCerts: false, acceptSslCerts: false, applicationCacheEnabled: false, browserConnectionEnabled: false, browserName: chrome, chrome: {chromedriverVersion: 2.35.528161 (5b82f2d2aae0ca..., userDataDir: C:\\Users\\jcn9\\AppData\\Local...}, cssSelectorsEnabled: true, databaseEnabled: false, handlesAlerts: true, hasTouchScreen: false, javascriptEnabled: true, locationContextEnabled: true, mobileEmulationEnabled: false, nativeEvents: true, networkConnectionEnabled: false, pageLoadStrategy: normal, platform: XP, platformName: XP, rotatable: false, setWindowRect: true, takesHeapSnapshot: true, takesScreenshot: true, unexpectedAlertBehaviour: , unhandledPromptBehavior: , version: 64.0.3282.186, webStorageEnabled: true}\nSession ID: 80f68a996894c3dc0c55d9be78da9b1a)","startTime":1521032831729,"endTime":0,"childRecords":[],"interuppted":false}],"interuppted":false},{"testStatus":{"stackTrace":"","statusValue":"FAILED"},"type":"MESSAGE","name":"","message":"Unable to call Test Case with id \u0027Test Cases/DashboardFunctions/CreateNewDashboard\u0027 (Root cause: Call Test Case \u0027Test Cases/DashboardFunctions/CreateNewDashboard\u0027 failed)","startTime":1521032831732,"endTime":0,"childRecords":[],"interuppted":false}],"interuppted":false},{"testStatus":{"stackTrace":"","statusValue":"FAILED"},"type":"MESSAGE","name":"","message":"Test Cases/Scenarios/SCN047864 Auto_3DCityCity Referential test FAILED because (of) Unable to click on object \u0027Object Repository/CreateNewDashboardAndTab/Page_CreateNewDashboard/button_Create\u0027 (Root cause: org.openqa.selenium.WebDriverException: unknown error: Element \u003cbutton type\u003d\"button\" class\u003d\"btn-primary btn btn-root\"\u003e...\u003c/button\u003e is not clickable at point (1115, 405). Other element would receive the click: \u003cdiv class\u003d\"ds-coachmark-content-image ds-coachmark-content-en-1\"\u003e\u003c/div\u003e\n  (Session info: chrome\u003d64.0.3282.186)\n  (Driver info: chromedriver\u003d2.35.528161 (5b82f2d2aae0ca24b877009200ced9065a772e73),platform\u003dWindows NT 10.0.15063 x86_64) (WARNING: The server did not provide any stacktrace information)\nCommand duration or timeout: 0 milliseconds\nBuild info: version: \u00273.7.1\u0027, revision: \u00278a0099a\u0027, time: \u00272017-11-06T21:07:36.161Z\u0027\nSystem info: host: \u0027LW5-JCN9-DSY\u0027, ip: \u002710.237.173.100\u0027, os.name: \u0027Windows 10\u0027, os.arch: \u0027amd64\u0027, os.version: \u002710.0\u0027, java.version: \u00271.8.0_102\u0027\nDriver info: com.kms.katalon.selenium.driver.CChromeDriver\nCapabilities {acceptInsecureCerts: false, acceptSslCerts: false, applicationCacheEnabled: false, browserConnectionEnabled: false, browserName: chrome, chrome: {chromedriverVersion: 2.35.528161 (5b82f2d2aae0ca..., userDataDir: C:\\Users\\jcn9\\AppData\\Local...}, cssSelectorsEnabled: true, databaseEnabled: false, handlesAlerts: true, hasTouchScreen: false, javascriptEnabled: true, locationContextEnabled: true, mobileEmulationEnabled: false, nativeEvents: true, networkConnectionEnabled: false, pageLoadStrategy: normal, platform: XP, platformName: XP, rotatable: false, setWindowRect: true, takesHeapSnapshot: true, takesScreenshot: true, unexpectedAlertBehaviour: , unhandledPromptBehavior: , version: 64.0.3282.186, webStorageEnabled: true}\nSession ID: 80f68a996894c3dc0c55d9be78da9b1a)","startTime":1521032831732,"endTime":0,"childRecords":[],"interuppted":false}],"interuppted":false}],"interuppted":false}