<?xml version="1.0" encoding="UTF-8"?>
<testsuites name="SCN047864 Auto_3DCityCity Referential test" time="16" tests="0" failures="1" errors="0">
   <testsuite name="SCN047864 Auto_3DCityCity Referential test" tests="0" failures="1" errors="0" time="16" timestamp="2018-03-14 14:06:55" hostname="JCN9 - LW5-JCN9-DSY.dsone.3ds.com" id="Test Suites/R2018x/Scenarios Test Suites/SCN047864 Auto_3DCityCity Referential test">
      <properties>
         <property name="deviceName" value=""/>
         <property name="devicePlatform" value=""/>
         <property name="logFolder" value="C:\\Users\\jcn9\\git\\TechnoQA\\Reports\\R2018x\\Scenarios Test Suites\\SCN047864 Auto_3DCityCity Referential test\\20180314_140654"/>
         <property name="logFiles" value="C:\\Users\\jcn9\\git\\TechnoQA\\Reports\\R2018x\\Scenarios Test Suites\\SCN047864 Auto_3DCityCity Referential test\\20180314_140654\\execution0.log"/>
         <property name="attachments" value="C:\\Users\\jcn9\\git\\TechnoQA\\Reports\\R2018x\\Scenarios Test Suites\\SCN047864 Auto_3DCityCity Referential test\\20180314_140654\\1521032831319.png"/>
         <property name="hostName" value="JCN9 - LW5-JCN9-DSY.dsone.3ds.com"/>
         <property name="os" value="Windows 10 64bit"/>
         <property name="katalonVersion" value="5.3.1.1"/>
         <property name="browser" value="Chrome 64.0.3282.186"/>
         <property name="hostAddress" value="10.237.173.100"/>
         <property name="sessionId" value="80f68a996894c3dc0c55d9be78da9b1a"/>
         <property name="seleniumVersion" value="3.7.1"/>
         <property name="proxyInformation" value="ProxyInformation{proxyOption=NO_PROXY, proxyServerType=HTTP, password=, proxyServerAddress=, proxyServerPort=0}"/>
         <property name="platform" value="Windows 10"/>
      </properties>
      <testcase name="Test Cases/Scenarios/SCN047864 Auto_3DCityCity Referential test" classname="Test Cases/Scenarios/SCN047864 Auto_3DCityCity Referential test" status="FAILED">
         <failure type="FAILED" message="Unable to click on object 'Object Repository/CreateNewDashboardAndTab/Page_CreateNewDashboard/button_Create' (Root cause: org.openqa.selenium.WebDriverException: unknown error: Element &lt;button type=&quot;button&quot; class=&quot;btn-primary btn btn-root&quot;>...&lt;/button> is not clickable at point (1115, 405). Other element would receive the click: &lt;div class=&quot;ds-coachmark-content-image ds-coachmark-content-en-1&quot;>&lt;/div>
  (Session info: chrome=64.0.3282.186)
  (Driver info: chromedriver=2.35.528161 (5b82f2d2aae0ca24b877009200ced9065a772e73),platform=Windows NT 10.0.15063 x86_64) (WARNING: The server did not provide any stacktrace information)
Command duration or timeout: 0 milliseconds
Build info: version: '3.7.1', revision: '8a0099a', time: '2017-11-06T21:07:36.161Z'
System info: host: 'LW5-JCN9-DSY', ip: '10.237.173.100', os.name: 'Windows 10', os.arch: 'amd64', os.version: '10.0', java.version: '1.8.0_102'
Driver info: com.kms.katalon.selenium.driver.CChromeDriver
Capabilities {acceptInsecureCerts: false, acceptSslCerts: false, applicationCacheEnabled: false, browserConnectionEnabled: false, browserName: chrome, chrome: {chromedriverVersion: 2.35.528161 (5b82f2d2aae0ca..., userDataDir: C:\Users\jcn9\AppData\Local...}, cssSelectorsEnabled: true, databaseEnabled: false, handlesAlerts: true, hasTouchScreen: false, javascriptEnabled: true, locationContextEnabled: true, mobileEmulationEnabled: false, nativeEvents: true, networkConnectionEnabled: false, pageLoadStrategy: normal, platform: XP, platformName: XP, rotatable: false, setWindowRect: true, takesHeapSnapshot: true, takesScreenshot: true, unexpectedAlertBehaviour: , unhandledPromptBehavior: , version: 64.0.3282.186, webStorageEnabled: true}
Session ID: 80f68a996894c3dc0c55d9be78da9b1a)"/>
         <system-out><![CDATA[2018-03-14 14:06:55 - [TEST_CASE][FAILED] - Test Cases/Scenarios/SCN047864 Auto_3DCityCity Referential test: Test Cases/Scenarios/SCN047864 Auto_3DCityCity Referential test FAILED because (of) Unable to click on object 'Object Repository/CreateNewDashboardAndTab/Page_CreateNewDashboard/button_Create' (Root cause: org.openqa.selenium.WebDriverException: unknown error: Element <button type="button" class="btn-primary btn btn-root">...</button> is not clickable at point (1115, 405). Other element would receive the click: <div class="ds-coachmark-content-image ds-coachmark-content-en-1"></div>
  (Session info: chrome=64.0.3282.186)
  (Driver info: chromedriver=2.35.528161 (5b82f2d2aae0ca24b877009200ced9065a772e73),platform=Windows NT 10.0.15063 x86_64) (WARNING: The server did not provide any stacktrace information)
Command duration or timeout: 0 milliseconds
Build info: version: '3.7.1', revision: '8a0099a', time: '2017-11-06T21:07:36.161Z'
System info: host: 'LW5-JCN9-DSY', ip: '10.237.173.100', os.name: 'Windows 10', os.arch: 'amd64', os.version: '10.0', java.version: '1.8.0_102'
Driver info: com.kms.katalon.selenium.driver.CChromeDriver
Capabilities {acceptInsecureCerts: false, acceptSslCerts: false, applicationCacheEnabled: false, browserConnectionEnabled: false, browserName: chrome, chrome: {chromedriverVersion: 2.35.528161 (5b82f2d2aae0ca..., userDataDir: C:\Users\jcn9\AppData\Local...}, cssSelectorsEnabled: true, databaseEnabled: false, handlesAlerts: true, hasTouchScreen: false, javascriptEnabled: true, locationContextEnabled: true, mobileEmulationEnabled: false, nativeEvents: true, networkConnectionEnabled: false, pageLoadStrategy: normal, platform: XP, platformName: XP, rotatable: false, setWindowRect: true, takesHeapSnapshot: true, takesScreenshot: true, unexpectedAlertBehaviour: , unhandledPromptBehavior: , version: 64.0.3282.186, webStorageEnabled: true}
Session ID: 80f68a996894c3dc0c55d9be78da9b1a)

2018-03-14 14:06:56 - [TEST_STEP][PASSED] - callTestCase: Call Test Case 'Test Cases/NavigateURLR2018x' successfully

2018-03-14 14:06:56 - [TEST_CASE][PASSED] - Test Cases/NavigateURLR2018x: Test Cases/NavigateURLR2018x

2018-03-14 14:06:56 - [TEST_STEP][PASSED] - openBrowser: Browser is opened with url: ''

2018-03-14 14:06:59 - [MESSAGE][PASSED] - Browser is opened with url: ''

2018-03-14 14:06:59 - [TEST_STEP][PASSED] - navigateToUrl: Navigate to 'https://euw1-20qna10312-ifwe.3dx-staging.3ds.com/' successfully

2018-03-14 14:06:59 - [MESSAGE][PASSED] - Navigate to 'https://euw1-20qna10312-ifwe.3dx-staging.3ds.com/' successfully

2018-03-14 14:06:59 - [TEST_STEP][PASSED] - maximizeWindow: Current window maximized

2018-03-14 14:07:00 - [MESSAGE][PASSED] - Current window maximized

2018-03-14 14:07:00 - [MESSAGE][PASSED] - Call Test Case 'Test Cases/NavigateURLR2018x' successfully

2018-03-14 14:07:00 - [TEST_STEP][PASSED] - callTestCase: Call Test Case 'Test Cases/LoginToPod' successfully

2018-03-14 14:07:00 - [TEST_CASE][PASSED] - Test Cases/LoginToPod: Test Cases/LoginToPod

2018-03-14 14:07:00 - [TEST_STEP][NOT_RUN] - openBrowser: NOT_RUN: openBrowser

2018-03-14 14:07:00 - [MESSAGE][NOT_RUN] - NOT_RUN: openBrowser

2018-03-14 14:07:00 - [TEST_STEP][NOT_RUN] - navigateToUrl: NOT_RUN: navigateToUrl

2018-03-14 14:07:00 - [MESSAGE][NOT_RUN] - NOT_RUN: navigateToUrl

2018-03-14 14:07:00 - [TEST_STEP][NOT_RUN] - maximizeWindow: NOT_RUN: maximizeWindow

2018-03-14 14:07:00 - [MESSAGE][NOT_RUN] - NOT_RUN: maximizeWindow

2018-03-14 14:07:00 - [TEST_STEP][NOT_RUN] - callTestCase: NOT_RUN: callTestCase

2018-03-14 14:07:00 - [MESSAGE][NOT_RUN] - NOT_RUN: callTestCase

2018-03-14 14:07:00 - [TEST_STEP][PASSED] - setText: Text 'Technoqa' is set on object 'Object Repository/LoginToPod/Page_3DPassport - Login/input_username'

2018-03-14 14:07:00 - [MESSAGE][PASSED] - Text 'Technoqa' is set on object 'Object Repository/LoginToPod/Page_3DPassport - Login/input_username'

2018-03-14 14:07:00 - [TEST_STEP][PASSED] - setText: Text 'Techno2016#' is set on object 'Object Repository/LoginToPod/Page_3DPassport - Login/input_password'

2018-03-14 14:07:00 - [MESSAGE][PASSED] - Text 'Techno2016#' is set on object 'Object Repository/LoginToPod/Page_3DPassport - Login/input_password'

2018-03-14 14:07:00 - [TEST_STEP][PASSED] - verifyElementVisible: Object 'Object Repository/LoginToPod/Page_3DPassport - Login/input_uwa-submit uwa-submit-ro' is visible

2018-03-14 14:07:00 - [MESSAGE][PASSED] - Object 'Object Repository/LoginToPod/Page_3DPassport - Login/input_uwa-submit uwa-submit-ro' is visible

2018-03-14 14:07:00 - [TEST_STEP][PASSED] - click: Object: 'Object Repository/LoginToPod/Page_3DPassport - Login/input_uwa-submit uwa-submit-ro' is clicked on

2018-03-14 14:07:01 - [MESSAGE][PASSED] - Object: 'Object Repository/LoginToPod/Page_3DPassport - Login/input_uwa-submit uwa-submit-ro' is clicked on

2018-03-14 14:07:01 - [TEST_STEP][PASSED] - verifyElementVisible: Object 'Object Repository/LoginToPod/Page_3DPassport - Login/span_3DEXPERIENCE' is visible

2018-03-14 14:07:09 - [MESSAGE][PASSED] - Object 'Object Repository/LoginToPod/Page_3DPassport - Login/span_3DEXPERIENCE' is visible

2018-03-14 14:07:09 - [MESSAGE][PASSED] - Call Test Case 'Test Cases/LoginToPod' successfully

2018-03-14 14:07:09 - [TEST_STEP][FAILED] - callTestCase: Unable to call Test Case with id 'Test Cases/DashboardFunctions/CreateNewDashboard' (Root cause: Call Test Case 'Test Cases/DashboardFunctions/CreateNewDashboard' failed)

2018-03-14 14:07:09 - [TEST_CASE][FAILED] - Test Cases/DashboardFunctions/CreateNewDashboard: Test Cases/DashboardFunctions/CreateNewDashboard FAILED because (of) Unable to click on object 'Object Repository/CreateNewDashboardAndTab/Page_CreateNewDashboard/button_Create' (Root cause: org.openqa.selenium.WebDriverException: unknown error: Element <button type="button" class="btn-primary btn btn-root">...</button> is not clickable at point (1115, 405). Other element would receive the click: <div class="ds-coachmark-content-image ds-coachmark-content-en-1"></div>
  (Session info: chrome=64.0.3282.186)
  (Driver info: chromedriver=2.35.528161 (5b82f2d2aae0ca24b877009200ced9065a772e73),platform=Windows NT 10.0.15063 x86_64) (WARNING: The server did not provide any stacktrace information)
Command duration or timeout: 0 milliseconds
Build info: version: '3.7.1', revision: '8a0099a', time: '2017-11-06T21:07:36.161Z'
System info: host: 'LW5-JCN9-DSY', ip: '10.237.173.100', os.name: 'Windows 10', os.arch: 'amd64', os.version: '10.0', java.version: '1.8.0_102'
Driver info: com.kms.katalon.selenium.driver.CChromeDriver
Capabilities {acceptInsecureCerts: false, acceptSslCerts: false, applicationCacheEnabled: false, browserConnectionEnabled: false, browserName: chrome, chrome: {chromedriverVersion: 2.35.528161 (5b82f2d2aae0ca..., userDataDir: C:\Users\jcn9\AppData\Local...}, cssSelectorsEnabled: true, databaseEnabled: false, handlesAlerts: true, hasTouchScreen: false, javascriptEnabled: true, locationContextEnabled: true, mobileEmulationEnabled: false, nativeEvents: true, networkConnectionEnabled: false, pageLoadStrategy: normal, platform: XP, platformName: XP, rotatable: false, setWindowRect: true, takesHeapSnapshot: true, takesScreenshot: true, unexpectedAlertBehaviour: , unhandledPromptBehavior: , version: 64.0.3282.186, webStorageEnabled: true}
Session ID: 80f68a996894c3dc0c55d9be78da9b1a)

2018-03-14 14:07:10 - [TEST_STEP][PASSED] - click: Object: 'Object Repository/CreateNewDashboardAndTab/Page_CreateNewDashboard/div_dashboard-actions-holder f' is clicked on

2018-03-14 14:07:10 - [MESSAGE][PASSED] - Object: 'Object Repository/CreateNewDashboardAndTab/Page_CreateNewDashboard/div_dashboard-actions-holder f' is clicked on

2018-03-14 14:07:10 - [TEST_STEP][PASSED] - click: Object: 'Object Repository/CreateNewDashboardAndTab/Page_CreateNewDashboard/span_Add Dashboard...' is clicked on

2018-03-14 14:07:10 - [MESSAGE][PASSED] - Object: 'Object Repository/CreateNewDashboardAndTab/Page_CreateNewDashboard/span_Add Dashboard...' is clicked on

2018-03-14 14:07:10 - [TEST_STEP][PASSED] - setText: Text 'Test JCN9 auto' is set on object 'Object Repository/CreateNewDashboardAndTab/Page_CreateNewDashboard/input_form-control form-contro'

2018-03-14 14:07:11 - [MESSAGE][PASSED] - Text 'Test JCN9 auto' is set on object 'Object Repository/CreateNewDashboardAndTab/Page_CreateNewDashboard/input_form-control form-contro'

2018-03-14 14:07:11 - [TEST_STEP][FAILED] - click: Unable to click on object 'Object Repository/CreateNewDashboardAndTab/Page_CreateNewDashboard/button_Create' (Root cause: org.openqa.selenium.WebDriverException: unknown error: Element <button type="button" class="btn-primary btn btn-root">...</button> is not clickable at point (1115, 405). Other element would receive the click: <div class="ds-coachmark-content-image ds-coachmark-content-en-1"></div>
  (Session info: chrome=64.0.3282.186)
  (Driver info: chromedriver=2.35.528161 (5b82f2d2aae0ca24b877009200ced9065a772e73),platform=Windows NT 10.0.15063 x86_64) (WARNING: The server did not provide any stacktrace information)
Command duration or timeout: 0 milliseconds
Build info: version: '3.7.1', revision: '8a0099a', time: '2017-11-06T21:07:36.161Z'
System info: host: 'LW5-JCN9-DSY', ip: '10.237.173.100', os.name: 'Windows 10', os.arch: 'amd64', os.version: '10.0', java.version: '1.8.0_102'
Driver info: com.kms.katalon.selenium.driver.CChromeDriver
Capabilities {acceptInsecureCerts: false, acceptSslCerts: false, applicationCacheEnabled: false, browserConnectionEnabled: false, browserName: chrome, chrome: {chromedriverVersion: 2.35.528161 (5b82f2d2aae0ca..., userDataDir: C:\Users\jcn9\AppData\Local...}, cssSelectorsEnabled: true, databaseEnabled: false, handlesAlerts: true, hasTouchScreen: false, javascriptEnabled: true, locationContextEnabled: true, mobileEmulationEnabled: false, nativeEvents: true, networkConnectionEnabled: false, pageLoadStrategy: normal, platform: XP, platformName: XP, rotatable: false, setWindowRect: true, takesHeapSnapshot: true, takesScreenshot: true, unexpectedAlertBehaviour: , unhandledPromptBehavior: , version: 64.0.3282.186, webStorageEnabled: true}
Session ID: 80f68a996894c3dc0c55d9be78da9b1a)

2018-03-14 14:07:11 - [MESSAGE][FAILED] - Unable to click on object 'Object Repository/CreateNewDashboardAndTab/Page_CreateNewDashboard/button_Create' (Root cause: org.openqa.selenium.WebDriverException: unknown error: Element <button type="button" class="btn-primary btn btn-root">...</button> is not clickable at point (1115, 405). Other element would receive the click: <div class="ds-coachmark-content-image ds-coachmark-content-en-1"></div>
  (Session info: chrome=64.0.3282.186)
  (Driver info: chromedriver=2.35.528161 (5b82f2d2aae0ca24b877009200ced9065a772e73),platform=Windows NT 10.0.15063 x86_64) (WARNING: The server did not provide any stacktrace information)
Command duration or timeout: 0 milliseconds
Build info: version: '3.7.1', revision: '8a0099a', time: '2017-11-06T21:07:36.161Z'
System info: host: 'LW5-JCN9-DSY', ip: '10.237.173.100', os.name: 'Windows 10', os.arch: 'amd64', os.version: '10.0', java.version: '1.8.0_102'
Driver info: com.kms.katalon.selenium.driver.CChromeDriver
Capabilities {acceptInsecureCerts: false, acceptSslCerts: false, applicationCacheEnabled: false, browserConnectionEnabled: false, browserName: chrome, chrome: {chromedriverVersion: 2.35.528161 (5b82f2d2aae0ca..., userDataDir: C:\Users\jcn9\AppData\Local...}, cssSelectorsEnabled: true, databaseEnabled: false, handlesAlerts: true, hasTouchScreen: false, javascriptEnabled: true, locationContextEnabled: true, mobileEmulationEnabled: false, nativeEvents: true, networkConnectionEnabled: false, pageLoadStrategy: normal, platform: XP, platformName: XP, rotatable: false, setWindowRect: true, takesHeapSnapshot: true, takesScreenshot: true, unexpectedAlertBehaviour: , unhandledPromptBehavior: , version: 64.0.3282.186, webStorageEnabled: true}
Session ID: 80f68a996894c3dc0c55d9be78da9b1a)
[[ATTACHMENT|C:\\Users\\jcn9\\git\\TechnoQA\\Reports\\R2018x\\Scenarios Test Suites\\SCN047864 Auto_3DCityCity Referential test\\20180314_140654\\1521032831319.png]]

2018-03-14 14:07:11 - [MESSAGE][FAILED] - Unable to call Test Case with id 'Test Cases/DashboardFunctions/CreateNewDashboard' (Root cause: Call Test Case 'Test Cases/DashboardFunctions/CreateNewDashboard' failed)]]></system-out>
         <system-err><![CDATA[2018-03-14 14:06:55 - [TEST_CASE][FAILED] - Test Cases/Scenarios/SCN047864 Auto_3DCityCity Referential test: Test Cases/Scenarios/SCN047864 Auto_3DCityCity Referential test FAILED because (of) Unable to click on object 'Object Repository/CreateNewDashboardAndTab/Page_CreateNewDashboard/button_Create' (Root cause: org.openqa.selenium.WebDriverException: unknown error: Element <button type="button" class="btn-primary btn btn-root">...</button> is not clickable at point (1115, 405). Other element would receive the click: <div class="ds-coachmark-content-image ds-coachmark-content-en-1"></div>
  (Session info: chrome=64.0.3282.186)
  (Driver info: chromedriver=2.35.528161 (5b82f2d2aae0ca24b877009200ced9065a772e73),platform=Windows NT 10.0.15063 x86_64) (WARNING: The server did not provide any stacktrace information)
Command duration or timeout: 0 milliseconds
Build info: version: '3.7.1', revision: '8a0099a', time: '2017-11-06T21:07:36.161Z'
System info: host: 'LW5-JCN9-DSY', ip: '10.237.173.100', os.name: 'Windows 10', os.arch: 'amd64', os.version: '10.0', java.version: '1.8.0_102'
Driver info: com.kms.katalon.selenium.driver.CChromeDriver
Capabilities {acceptInsecureCerts: false, acceptSslCerts: false, applicationCacheEnabled: false, browserConnectionEnabled: false, browserName: chrome, chrome: {chromedriverVersion: 2.35.528161 (5b82f2d2aae0ca..., userDataDir: C:\Users\jcn9\AppData\Local...}, cssSelectorsEnabled: true, databaseEnabled: false, handlesAlerts: true, hasTouchScreen: false, javascriptEnabled: true, locationContextEnabled: true, mobileEmulationEnabled: false, nativeEvents: true, networkConnectionEnabled: false, pageLoadStrategy: normal, platform: XP, platformName: XP, rotatable: false, setWindowRect: true, takesHeapSnapshot: true, takesScreenshot: true, unexpectedAlertBehaviour: , unhandledPromptBehavior: , version: 64.0.3282.186, webStorageEnabled: true}
Session ID: 80f68a996894c3dc0c55d9be78da9b1a)]]></system-err>
      </testcase>
      <system-out><![CDATA[2018-03-14 14:06:55 - [TEST_SUITE][FAILED] - SCN047864 Auto_3DCityCity Referential test: Test Cases/Scenarios/SCN047864 Auto_3DCityCity Referential test FAILED because (of) Unable to click on object 'Object Repository/CreateNewDashboardAndTab/Page_CreateNewDashboard/button_Create' (Root cause: org.openqa.selenium.WebDriverException: unknown error: Element <button type="button" class="btn-primary btn btn-root">...</button> is not clickable at point (1115, 405). Other element would receive the click: <div class="ds-coachmark-content-image ds-coachmark-content-en-1"></div>
  (Session info: chrome=64.0.3282.186)
  (Driver info: chromedriver=2.35.528161 (5b82f2d2aae0ca24b877009200ced9065a772e73),platform=Windows NT 10.0.15063 x86_64) (WARNING: The server did not provide any stacktrace information)
Command duration or timeout: 0 milliseconds
Build info: version: '3.7.1', revision: '8a0099a', time: '2017-11-06T21:07:36.161Z'
System info: host: 'LW5-JCN9-DSY', ip: '10.237.173.100', os.name: 'Windows 10', os.arch: 'amd64', os.version: '10.0', java.version: '1.8.0_102'
Driver info: com.kms.katalon.selenium.driver.CChromeDriver
Capabilities {acceptInsecureCerts: false, acceptSslCerts: false, applicationCacheEnabled: false, browserConnectionEnabled: false, browserName: chrome, chrome: {chromedriverVersion: 2.35.528161 (5b82f2d2aae0ca..., userDataDir: C:\Users\jcn9\AppData\Local...}, cssSelectorsEnabled: true, databaseEnabled: false, handlesAlerts: true, hasTouchScreen: false, javascriptEnabled: true, locationContextEnabled: true, mobileEmulationEnabled: false, nativeEvents: true, networkConnectionEnabled: false, pageLoadStrategy: normal, platform: XP, platformName: XP, rotatable: false, setWindowRect: true, takesHeapSnapshot: true, takesScreenshot: true, unexpectedAlertBehaviour: , unhandledPromptBehavior: , version: 64.0.3282.186, webStorageEnabled: true}
Session ID: 80f68a996894c3dc0c55d9be78da9b1a)]]></system-out>
      <system-err><![CDATA[2018-03-14 14:06:55 - [TEST_SUITE][FAILED] - SCN047864 Auto_3DCityCity Referential test: Test Cases/Scenarios/SCN047864 Auto_3DCityCity Referential test FAILED because (of) Unable to click on object 'Object Repository/CreateNewDashboardAndTab/Page_CreateNewDashboard/button_Create' (Root cause: org.openqa.selenium.WebDriverException: unknown error: Element <button type="button" class="btn-primary btn btn-root">...</button> is not clickable at point (1115, 405). Other element would receive the click: <div class="ds-coachmark-content-image ds-coachmark-content-en-1"></div>
  (Session info: chrome=64.0.3282.186)
  (Driver info: chromedriver=2.35.528161 (5b82f2d2aae0ca24b877009200ced9065a772e73),platform=Windows NT 10.0.15063 x86_64) (WARNING: The server did not provide any stacktrace information)
Command duration or timeout: 0 milliseconds
Build info: version: '3.7.1', revision: '8a0099a', time: '2017-11-06T21:07:36.161Z'
System info: host: 'LW5-JCN9-DSY', ip: '10.237.173.100', os.name: 'Windows 10', os.arch: 'amd64', os.version: '10.0', java.version: '1.8.0_102'
Driver info: com.kms.katalon.selenium.driver.CChromeDriver
Capabilities {acceptInsecureCerts: false, acceptSslCerts: false, applicationCacheEnabled: false, browserConnectionEnabled: false, browserName: chrome, chrome: {chromedriverVersion: 2.35.528161 (5b82f2d2aae0ca..., userDataDir: C:\Users\jcn9\AppData\Local...}, cssSelectorsEnabled: true, databaseEnabled: false, handlesAlerts: true, hasTouchScreen: false, javascriptEnabled: true, locationContextEnabled: true, mobileEmulationEnabled: false, nativeEvents: true, networkConnectionEnabled: false, pageLoadStrategy: normal, platform: XP, platformName: XP, rotatable: false, setWindowRect: true, takesHeapSnapshot: true, takesScreenshot: true, unexpectedAlertBehaviour: , unhandledPromptBehavior: , version: 64.0.3282.186, webStorageEnabled: true}
Session ID: 80f68a996894c3dc0c55d9be78da9b1a)]]></system-err>
   </testsuite>
</testsuites>
