{"devicePlatform":"","logFolder":"C:\\Users\\ads\\git\\TechnoQA\\Reports\\R2018x\\Scenarios Test Suites\\SCN047865 Auto_BasicSanityTest Cloud3DExperiencePlatformTest\\20180314_143917","runData":{"hostName":"ADS - LP5-ADS-DSY.dsone.3ds.com","os":"Windows 10 64bit","katalonVersion":"5.3.1.1","browser":"Chrome 64.0.3282.186","hostAddress":"10.239.168.253","sessionId":"9ec0767b93a8f931e335dbb138b8dfa8","seleniumVersion":"3.7.1","proxyInformation":"ProxyInformation{proxyOption\u003dNO_PROXY, proxyServerType\u003dHTTP, password\u003d, proxyServerAddress\u003d, proxyServerPort\u003d0}","platform":"Windows 10"},"type":"TEST_SUITE","name":"SCN047865 Auto_BasicSanityTest Cloud3DExperiencePlatformTest","id":"Test Suites/R2018x/Scenarios Test Suites/SCN047865 Auto_BasicSanityTest Cloud3DExperiencePlatformTest","source":"","message":"Test Cases/DashboardFunctions/CreateNewDashboard FAILED because (of) Unable to click on object \u0027Object Repository/CreateNewDashboardAndTab/Page_CreateNewDashboard/button_Create\u0027 (Root cause: org.openqa.selenium.WebDriverException: unknown error: Element \u003cbutton type\u003d\"button\" class\u003d\"btn-primary btn btn-root\"\u003e...\u003c/button\u003e is not clickable at point (1114, 405). Other element would receive the click: \u003cdiv class\u003d\"ds-coachmark-content-image ds-coachmark-content-en-1\"\u003e\u003c/div\u003e\n  (Session info: chrome\u003d64.0.3282.186)\n  (Driver info: chromedriver\u003d2.35.528161 (5b82f2d2aae0ca24b877009200ced9065a772e73),platform\u003dWindows NT 10.0.15063 x86_64) (WARNING: The server did not provide any stacktrace information)\nCommand duration or timeout: 0 milliseconds\nBuild info: version: \u00273.7.1\u0027, revision: \u00278a0099a\u0027, time: \u00272017-11-06T21:07:36.161Z\u0027\nSystem info: host: \u0027LP5-ADS-DSY\u0027, ip: \u002710.239.168.253\u0027, os.name: \u0027Windows 10\u0027, os.arch: \u0027amd64\u0027, os.version: \u002710.0\u0027, java.version: \u00271.8.0_102\u0027\nDriver info: com.kms.katalon.selenium.driver.CChromeDriver\nCapabilities {acceptInsecureCerts: false, acceptSslCerts: false, applicationCacheEnabled: false, browserConnectionEnabled: false, browserName: chrome, chrome: {chromedriverVersion: 2.35.528161 (5b82f2d2aae0ca..., userDataDir: C:\\Users\\ads\\AppData\\Local\\...}, cssSelectorsEnabled: true, databaseEnabled: false, handlesAlerts: true, hasTouchScreen: false, javascriptEnabled: true, locationContextEnabled: true, mobileEmulationEnabled: false, nativeEvents: true, networkConnectionEnabled: false, pageLoadStrategy: normal, platform: XP, platformName: XP, rotatable: false, setWindowRect: true, takesHeapSnapshot: true, takesScreenshot: true, unexpectedAlertBehaviour: , unhandledPromptBehavior: , version: 64.0.3282.186, webStorageEnabled: true}\nSession ID: 9ec0767b93a8f931e335dbb138b8dfa8)","description":"SCN047865 Auto_BasicSanityTest Cloud3DExperiencePlatformTest","startTime":1521034758557,"endTime":1521034768655,"childRecords":[{"isOptional":false,"type":"TEST_CASE","name":"Test Cases/NavigateURLR2018x","id":"Test Cases/NavigateURLR2018x","source":"C:\\\\Users\\\\ads\\\\git\\\\TechnoQA\\\\Test Cases\\\\NavigateURLR2018x.tc","message":"Test Cases/NavigateURLR2018x","description":"NavigateURL","startTime":1521034758804,"endTime":1521034763278,"childRecords":[{"testStatus":{"stackTrace":"","statusValue":"INFO"},"type":"MESSAGE","name":"","message":"Evaluating variables for test case","startTime":1521034758819,"endTime":0,"childRecords":[],"interuppted":false},{"index":1,"isIgnoredIfFailed":false,"type":"TEST_STEP","name":"openBrowser","message":"Browser is opened with url: \u0027\u0027","description":"Open Browser","startTime":1521034759070,"endTime":1521034761816,"childRecords":[{"testStatus":{"stackTrace":"","statusValue":"PASSED"},"type":"MESSAGE","name":"","message":"Browser is opened with url: \u0027\u0027","startTime":1521034761815,"endTime":0,"childRecords":[],"interuppted":false}],"interuppted":false},{"index":2,"isIgnoredIfFailed":false,"type":"TEST_STEP","name":"navigateToUrl","message":"Navigate to \u0027https://euw1-20qna10312-ifwe.3dx-staging.3ds.com/\u0027 successfully","description":"Enter POD URL in the browser","startTime":1521034761816,"endTime":1521034762135,"childRecords":[{"testStatus":{"stackTrace":"","statusValue":"PASSED"},"type":"MESSAGE","name":"","message":"Navigate to \u0027https://euw1-20qna10312-ifwe.3dx-staging.3ds.com/\u0027 successfully","startTime":1521034762135,"endTime":0,"childRecords":[],"interuppted":false}],"interuppted":false},{"index":3,"isIgnoredIfFailed":false,"type":"TEST_STEP","name":"maximizeWindow","message":"Current window maximized","description":"Maximize the browser window","startTime":1521034762135,"endTime":1521034763277,"childRecords":[{"testStatus":{"stackTrace":"","statusValue":"PASSED"},"type":"MESSAGE","name":"","message":"Current window maximized","startTime":1521034763276,"endTime":0,"childRecords":[],"interuppted":false}],"interuppted":false},{"testStatus":{"stackTrace":"","statusValue":"PASSED"},"type":"MESSAGE","name":"","message":"Test Cases/NavigateURLR2018x","startTime":1521034763277,"endTime":0,"childRecords":[],"interuppted":false}],"interuppted":false},{"isOptional":false,"type":"TEST_CASE","name":"Test Cases/LoginToPod","id":"Test Cases/LoginToPod","source":"C:\\\\Users\\\\ads\\\\git\\\\TechnoQA\\\\Test Cases\\\\LoginToPod.tc","message":"Test Cases/LoginToPod","description":"LoginToPod","startTime":1521034763280,"endTime":1521034765656,"childRecords":[{"testStatus":{"stackTrace":"","statusValue":"INFO"},"type":"MESSAGE","name":"","message":"Evaluating variables for test case","startTime":1521034763291,"endTime":0,"childRecords":[],"interuppted":false},{"index":1,"isIgnoredIfFailed":false,"type":"TEST_STEP","name":"openBrowser","message":"NOT_RUN: openBrowser","description":"Open Browser","startTime":1521034763463,"endTime":1521034763464,"childRecords":[{"testStatus":{"stackTrace":"","statusValue":"NOT_RUN"},"type":"MESSAGE","name":"","message":"NOT_RUN: openBrowser","startTime":1521034763464,"endTime":0,"childRecords":[],"interuppted":false}],"interuppted":false},{"index":2,"isIgnoredIfFailed":false,"type":"TEST_STEP","name":"navigateToUrl","message":"NOT_RUN: navigateToUrl","description":"Enter POD URL in the browser","startTime":1521034763464,"endTime":1521034763465,"childRecords":[{"testStatus":{"stackTrace":"","statusValue":"NOT_RUN"},"type":"MESSAGE","name":"","message":"NOT_RUN: navigateToUrl","startTime":1521034763465,"endTime":0,"childRecords":[],"interuppted":false}],"interuppted":false},{"index":3,"isIgnoredIfFailed":false,"type":"TEST_STEP","name":"maximizeWindow","message":"NOT_RUN: maximizeWindow","description":"Maximize the browser window","startTime":1521034763466,"endTime":1521034763467,"childRecords":[{"testStatus":{"stackTrace":"","statusValue":"NOT_RUN"},"type":"MESSAGE","name":"","message":"NOT_RUN: maximizeWindow","startTime":1521034763467,"endTime":0,"childRecords":[],"interuppted":false}],"interuppted":false},{"index":4,"isIgnoredIfFailed":false,"type":"TEST_STEP","name":"callTestCase","message":"NOT_RUN: callTestCase","description":"","startTime":1521034763468,"endTime":1521034763468,"childRecords":[{"testStatus":{"stackTrace":"","statusValue":"NOT_RUN"},"type":"MESSAGE","name":"","message":"NOT_RUN: callTestCase","startTime":1521034763468,"endTime":0,"childRecords":[],"interuppted":false}],"interuppted":false},{"index":5,"isIgnoredIfFailed":false,"type":"TEST_STEP","name":"setText","message":"Text \u0027Technoqa\u0027 is set on object \u0027Object Repository/LoginToPod/Page_3DPassport - Login/input_username\u0027","description":"Enter user name","startTime":1521034763469,"endTime":1521034763611,"childRecords":[{"testStatus":{"stackTrace":"","statusValue":"PASSED"},"type":"MESSAGE","name":"","message":"Text \u0027Technoqa\u0027 is set on object \u0027Object Repository/LoginToPod/Page_3DPassport - Login/input_username\u0027","startTime":1521034763610,"endTime":0,"childRecords":[],"interuppted":false}],"interuppted":false},{"index":6,"isIgnoredIfFailed":false,"type":"TEST_STEP","name":"setText","message":"Text \u0027Techno2016#\u0027 is set on object \u0027Object Repository/LoginToPod/Page_3DPassport - Login/input_password\u0027","description":"Enter password","startTime":1521034763611,"endTime":1521034763720,"childRecords":[{"testStatus":{"stackTrace":"","statusValue":"PASSED"},"type":"MESSAGE","name":"","message":"Text \u0027Techno2016#\u0027 is set on object \u0027Object Repository/LoginToPod/Page_3DPassport - Login/input_password\u0027","startTime":1521034763719,"endTime":0,"childRecords":[],"interuppted":false}],"interuppted":false},{"index":7,"isIgnoredIfFailed":false,"type":"TEST_STEP","name":"verifyElementVisible","message":"Object \u0027Object Repository/LoginToPod/Page_3DPassport - Login/input_uwa-submit uwa-submit-ro\u0027 is visible","description":"","startTime":1521034763720,"endTime":1521034763764,"childRecords":[{"testStatus":{"stackTrace":"","statusValue":"PASSED"},"type":"MESSAGE","name":"","message":"Object \u0027Object Repository/LoginToPod/Page_3DPassport - Login/input_uwa-submit uwa-submit-ro\u0027 is visible","startTime":1521034763764,"endTime":0,"childRecords":[],"interuppted":false}],"interuppted":false},{"index":8,"isIgnoredIfFailed":false,"type":"TEST_STEP","name":"click","message":"Object: \u0027Object Repository/LoginToPod/Page_3DPassport - Login/input_uwa-submit uwa-submit-ro\u0027 is clicked on","description":"Click on submit button","startTime":1521034763764,"endTime":1521034764527,"childRecords":[{"testStatus":{"stackTrace":"","statusValue":"PASSED"},"type":"MESSAGE","name":"","message":"Object: \u0027Object Repository/LoginToPod/Page_3DPassport - Login/input_uwa-submit uwa-submit-ro\u0027 is clicked on","startTime":1521034764527,"endTime":0,"childRecords":[],"interuppted":false}],"interuppted":false},{"index":9,"isIgnoredIfFailed":false,"type":"TEST_STEP","name":"verifyElementVisible","message":"Object \u0027Object Repository/LoginToPod/Page_3DPassport - Login/span_3DEXPERIENCE\u0027 is visible","description":"","startTime":1521034764528,"endTime":1521034765655,"childRecords":[{"testStatus":{"stackTrace":"","statusValue":"PASSED"},"type":"MESSAGE","name":"","message":"Object \u0027Object Repository/LoginToPod/Page_3DPassport - Login/span_3DEXPERIENCE\u0027 is visible","startTime":1521034765655,"endTime":0,"childRecords":[],"interuppted":false}],"interuppted":false},{"testStatus":{"stackTrace":"","statusValue":"PASSED"},"type":"MESSAGE","name":"","message":"Test Cases/LoginToPod","startTime":1521034765656,"endTime":0,"childRecords":[],"interuppted":false}],"interuppted":false},{"isOptional":false,"type":"TEST_CASE","name":"Test Cases/DashboardFunctions/CreateNewDashboard","id":"Test Cases/DashboardFunctions/CreateNewDashboard","source":"C:\\\\Users\\\\ads\\\\git\\\\TechnoQA\\\\Test Cases\\\\DashboardFunctions\\\\CreateNewDashboard.tc","message":"Test Cases/DashboardFunctions/CreateNewDashboard FAILED because (of) Unable to click on object \u0027Object Repository/CreateNewDashboardAndTab/Page_CreateNewDashboard/button_Create\u0027 (Root cause: org.openqa.selenium.WebDriverException: unknown error: Element \u003cbutton type\u003d\"button\" class\u003d\"btn-primary btn btn-root\"\u003e...\u003c/button\u003e is not clickable at point (1114, 405). Other element would receive the click: \u003cdiv class\u003d\"ds-coachmark-content-image ds-coachmark-content-en-1\"\u003e\u003c/div\u003e\n  (Session info: chrome\u003d64.0.3282.186)\n  (Driver info: chromedriver\u003d2.35.528161 (5b82f2d2aae0ca24b877009200ced9065a772e73),platform\u003dWindows NT 10.0.15063 x86_64) (WARNING: The server did not provide any stacktrace information)\nCommand duration or timeout: 0 milliseconds\nBuild info: version: \u00273.7.1\u0027, revision: \u00278a0099a\u0027, time: \u00272017-11-06T21:07:36.161Z\u0027\nSystem info: host: \u0027LP5-ADS-DSY\u0027, ip: \u002710.239.168.253\u0027, os.name: \u0027Windows 10\u0027, os.arch: \u0027amd64\u0027, os.version: \u002710.0\u0027, java.version: \u00271.8.0_102\u0027\nDriver info: com.kms.katalon.selenium.driver.CChromeDriver\nCapabilities {acceptInsecureCerts: false, acceptSslCerts: false, applicationCacheEnabled: false, browserConnectionEnabled: false, browserName: chrome, chrome: {chromedriverVersion: 2.35.528161 (5b82f2d2aae0ca..., userDataDir: C:\\Users\\ads\\AppData\\Local\\...}, cssSelectorsEnabled: true, databaseEnabled: false, handlesAlerts: true, hasTouchScreen: false, javascriptEnabled: true, locationContextEnabled: true, mobileEmulationEnabled: false, nativeEvents: true, networkConnectionEnabled: false, pageLoadStrategy: normal, platform: XP, platformName: XP, rotatable: false, setWindowRect: true, takesHeapSnapshot: true, takesScreenshot: true, unexpectedAlertBehaviour: , unhandledPromptBehavior: , version: 64.0.3282.186, webStorageEnabled: true}\nSession ID: 9ec0767b93a8f931e335dbb138b8dfa8)","description":"CreateNewDashboard","startTime":1521034765660,"endTime":1521034767406,"childRecords":[{"testStatus":{"stackTrace":"","statusValue":"INFO"},"type":"MESSAGE","name":"","message":"Evaluating variables for test case","startTime":1521034765668,"endTime":0,"childRecords":[],"interuppted":false},{"index":1,"isIgnoredIfFailed":false,"type":"TEST_STEP","name":"click","message":"Object: \u0027Object Repository/CreateNewDashboardAndTab/Page_CreateNewDashboard/div_dashboard-actions-holder f\u0027 is clicked on","description":"Click on DropDown arrow of the topbar","startTime":1521034765826,"endTime":1521034766520,"childRecords":[{"testStatus":{"stackTrace":"","statusValue":"PASSED"},"type":"MESSAGE","name":"","message":"Object: \u0027Object Repository/CreateNewDashboardAndTab/Page_CreateNewDashboard/div_dashboard-actions-holder f\u0027 is clicked on","startTime":1521034766519,"endTime":0,"childRecords":[],"interuppted":false}],"interuppted":false},{"index":2,"isIgnoredIfFailed":false,"type":"TEST_STEP","name":"click","message":"Object: \u0027Object Repository/CreateNewDashboardAndTab/Page_CreateNewDashboard/span_Add Dashboard...\u0027 is clicked on","description":"Click on \\\"Add Dashboard\\\" Button in the menu","startTime":1521034766520,"endTime":1521034766663,"childRecords":[{"testStatus":{"stackTrace":"","statusValue":"PASSED"},"type":"MESSAGE","name":"","message":"Object: \u0027Object Repository/CreateNewDashboardAndTab/Page_CreateNewDashboard/span_Add Dashboard...\u0027 is clicked on","startTime":1521034766662,"endTime":0,"childRecords":[],"interuppted":false}],"interuppted":false},{"index":3,"isIgnoredIfFailed":false,"type":"TEST_STEP","name":"setText","message":"Text \u0027Test JCN9 auto\u0027 is set on object \u0027Object Repository/CreateNewDashboardAndTab/Page_CreateNewDashboard/input_form-control form-contro\u0027","description":"Give the Dashboard neame","startTime":1521034766663,"endTime":1521034766923,"childRecords":[{"testStatus":{"stackTrace":"","statusValue":"PASSED"},"type":"MESSAGE","name":"","message":"Text \u0027Test JCN9 auto\u0027 is set on object \u0027Object Repository/CreateNewDashboardAndTab/Page_CreateNewDashboard/input_form-control form-contro\u0027","startTime":1521034766922,"endTime":0,"childRecords":[],"interuppted":false}],"interuppted":false},{"attachment":"1521034766998.png","index":4,"isIgnoredIfFailed":false,"type":"TEST_STEP","name":"click","message":"Unable to click on object \u0027Object Repository/CreateNewDashboardAndTab/Page_CreateNewDashboard/button_Create\u0027 (Root cause: org.openqa.selenium.WebDriverException: unknown error: Element \u003cbutton type\u003d\"button\" class\u003d\"btn-primary btn btn-root\"\u003e...\u003c/button\u003e is not clickable at point (1114, 405). Other element would receive the click: \u003cdiv class\u003d\"ds-coachmark-content-image ds-coachmark-content-en-1\"\u003e\u003c/div\u003e\n  (Session info: chrome\u003d64.0.3282.186)\n  (Driver info: chromedriver\u003d2.35.528161 (5b82f2d2aae0ca24b877009200ced9065a772e73),platform\u003dWindows NT 10.0.15063 x86_64) (WARNING: The server did not provide any stacktrace information)\nCommand duration or timeout: 0 milliseconds\nBuild info: version: \u00273.7.1\u0027, revision: \u00278a0099a\u0027, time: \u00272017-11-06T21:07:36.161Z\u0027\nSystem info: host: \u0027LP5-ADS-DSY\u0027, ip: \u002710.239.168.253\u0027, os.name: \u0027Windows 10\u0027, os.arch: \u0027amd64\u0027, os.version: \u002710.0\u0027, java.version: \u00271.8.0_102\u0027\nDriver info: com.kms.katalon.selenium.driver.CChromeDriver\nCapabilities {acceptInsecureCerts: false, acceptSslCerts: false, applicationCacheEnabled: false, browserConnectionEnabled: false, browserName: chrome, chrome: {chromedriverVersion: 2.35.528161 (5b82f2d2aae0ca..., userDataDir: C:\\Users\\ads\\AppData\\Local\\...}, cssSelectorsEnabled: true, databaseEnabled: false, handlesAlerts: true, hasTouchScreen: false, javascriptEnabled: true, locationContextEnabled: true, mobileEmulationEnabled: false, nativeEvents: true, networkConnectionEnabled: false, pageLoadStrategy: normal, platform: XP, platformName: XP, rotatable: false, setWindowRect: true, takesHeapSnapshot: true, takesScreenshot: true, unexpectedAlertBehaviour: , unhandledPromptBehavior: , version: 64.0.3282.186, webStorageEnabled: true}\nSession ID: 9ec0767b93a8f931e335dbb138b8dfa8)","description":"Click on create button","startTime":1521034766923,"endTime":1521034767403,"childRecords":[{"testStatus":{"stackTrace":"","statusValue":"FAILED"},"attachment":"1521034766998.png","type":"MESSAGE","name":"","message":"Unable to click on object \u0027Object Repository/CreateNewDashboardAndTab/Page_CreateNewDashboard/button_Create\u0027 (Root cause: org.openqa.selenium.WebDriverException: unknown error: Element \u003cbutton type\u003d\"button\" class\u003d\"btn-primary btn btn-root\"\u003e...\u003c/button\u003e is not clickable at point (1114, 405). Other element would receive the click: \u003cdiv class\u003d\"ds-coachmark-content-image ds-coachmark-content-en-1\"\u003e\u003c/div\u003e\n  (Session info: chrome\u003d64.0.3282.186)\n  (Driver info: chromedriver\u003d2.35.528161 (5b82f2d2aae0ca24b877009200ced9065a772e73),platform\u003dWindows NT 10.0.15063 x86_64) (WARNING: The server did not provide any stacktrace information)\nCommand duration or timeout: 0 milliseconds\nBuild info: version: \u00273.7.1\u0027, revision: \u00278a0099a\u0027, time: \u00272017-11-06T21:07:36.161Z\u0027\nSystem info: host: \u0027LP5-ADS-DSY\u0027, ip: \u002710.239.168.253\u0027, os.name: \u0027Windows 10\u0027, os.arch: \u0027amd64\u0027, os.version: \u002710.0\u0027, java.version: \u00271.8.0_102\u0027\nDriver info: com.kms.katalon.selenium.driver.CChromeDriver\nCapabilities {acceptInsecureCerts: false, acceptSslCerts: false, applicationCacheEnabled: false, browserConnectionEnabled: false, browserName: chrome, chrome: {chromedriverVersion: 2.35.528161 (5b82f2d2aae0ca..., userDataDir: C:\\Users\\ads\\AppData\\Local\\...}, cssSelectorsEnabled: true, databaseEnabled: false, handlesAlerts: true, hasTouchScreen: false, javascriptEnabled: true, locationContextEnabled: true, mobileEmulationEnabled: false, nativeEvents: true, networkConnectionEnabled: false, pageLoadStrategy: normal, platform: XP, platformName: XP, rotatable: false, setWindowRect: true, takesHeapSnapshot: true, takesScreenshot: true, unexpectedAlertBehaviour: , unhandledPromptBehavior: , version: 64.0.3282.186, webStorageEnabled: true}\nSession ID: 9ec0767b93a8f931e335dbb138b8dfa8)","startTime":1521034767403,"endTime":0,"childRecords":[],"interuppted":false}],"interuppted":false},{"testStatus":{"stackTrace":"","statusValue":"FAILED"},"type":"MESSAGE","name":"","message":"Test Cases/DashboardFunctions/CreateNewDashboard FAILED because (of) Unable to click on object \u0027Object Repository/CreateNewDashboardAndTab/Page_CreateNewDashboard/button_Create\u0027 (Root cause: org.openqa.selenium.WebDriverException: unknown error: Element \u003cbutton type\u003d\"button\" class\u003d\"btn-primary btn btn-root\"\u003e...\u003c/button\u003e is not clickable at point (1114, 405). Other element would receive the click: \u003cdiv class\u003d\"ds-coachmark-content-image ds-coachmark-content-en-1\"\u003e\u003c/div\u003e\n  (Session info: chrome\u003d64.0.3282.186)\n  (Driver info: chromedriver\u003d2.35.528161 (5b82f2d2aae0ca24b877009200ced9065a772e73),platform\u003dWindows NT 10.0.15063 x86_64) (WARNING: The server did not provide any stacktrace information)\nCommand duration or timeout: 0 milliseconds\nBuild info: version: \u00273.7.1\u0027, revision: \u00278a0099a\u0027, time: \u00272017-11-06T21:07:36.161Z\u0027\nSystem info: host: \u0027LP5-ADS-DSY\u0027, ip: \u002710.239.168.253\u0027, os.name: \u0027Windows 10\u0027, os.arch: \u0027amd64\u0027, os.version: \u002710.0\u0027, java.version: \u00271.8.0_102\u0027\nDriver info: com.kms.katalon.selenium.driver.CChromeDriver\nCapabilities {acceptInsecureCerts: false, acceptSslCerts: false, applicationCacheEnabled: false, browserConnectionEnabled: false, browserName: chrome, chrome: {chromedriverVersion: 2.35.528161 (5b82f2d2aae0ca..., userDataDir: C:\\Users\\ads\\AppData\\Local\\...}, cssSelectorsEnabled: true, databaseEnabled: false, handlesAlerts: true, hasTouchScreen: false, javascriptEnabled: true, locationContextEnabled: true, mobileEmulationEnabled: false, nativeEvents: true, networkConnectionEnabled: false, pageLoadStrategy: normal, platform: XP, platformName: XP, rotatable: false, setWindowRect: true, takesHeapSnapshot: true, takesScreenshot: true, unexpectedAlertBehaviour: , unhandledPromptBehavior: , version: 64.0.3282.186, webStorageEnabled: true}\nSession ID: 9ec0767b93a8f931e335dbb138b8dfa8)","startTime":1521034767404,"endTime":0,"childRecords":[],"interuppted":false}],"interuppted":false},{"isOptional":false,"type":"TEST_CASE","name":"Test Cases/Logout","id":"Test Cases/Logout","source":"C:\\\\Users\\\\ads\\\\git\\\\TechnoQA\\\\Test Cases\\\\Logout.tc","message":"Test Cases/Logout FAILED because (of) Unable to click on object \u0027Object Repository/Logout/Page_Logout/div_profile-picture\u0027 (Root cause: org.openqa.selenium.WebDriverException: unknown error: Element \u003cdiv class\u003d\"profile-picture\" style\u003d\"background-image: url(\u0026quot;https://dsqal105-euw1-20qna10312-3dswym.3dx-staging.3ds.com:443/api/user/getpicture/login/technoqa/format/normal\u0026quot;);\"\u003e\u003c/div\u003e is not clickable at point (1632, 21). Other element would receive the click: \u003cdiv class\u003d\"add-dashboard-modal modal modal-root\" style\u003d\"display: block;\"\u003e...\u003c/div\u003e\n  (Session info: chrome\u003d64.0.3282.186)\n  (Driver info: chromedriver\u003d2.35.528161 (5b82f2d2aae0ca24b877009200ced9065a772e73),platform\u003dWindows NT 10.0.15063 x86_64) (WARNING: The server did not provide any stacktrace information)\nCommand duration or timeout: 0 milliseconds\nBuild info: version: \u00273.7.1\u0027, revision: \u00278a0099a\u0027, time: \u00272017-11-06T21:07:36.161Z\u0027\nSystem info: host: \u0027LP5-ADS-DSY\u0027, ip: \u002710.239.168.253\u0027, os.name: \u0027Windows 10\u0027, os.arch: \u0027amd64\u0027, os.version: \u002710.0\u0027, java.version: \u00271.8.0_102\u0027\nDriver info: com.kms.katalon.selenium.driver.CChromeDriver\nCapabilities {acceptInsecureCerts: false, acceptSslCerts: false, applicationCacheEnabled: false, browserConnectionEnabled: false, browserName: chrome, chrome: {chromedriverVersion: 2.35.528161 (5b82f2d2aae0ca..., userDataDir: C:\\Users\\ads\\AppData\\Local\\...}, cssSelectorsEnabled: true, databaseEnabled: false, handlesAlerts: true, hasTouchScreen: false, javascriptEnabled: true, locationContextEnabled: true, mobileEmulationEnabled: false, nativeEvents: true, networkConnectionEnabled: false, pageLoadStrategy: normal, platform: XP, platformName: XP, rotatable: false, setWindowRect: true, takesHeapSnapshot: true, takesScreenshot: true, unexpectedAlertBehaviour: , unhandledPromptBehavior: , version: 64.0.3282.186, webStorageEnabled: true}\nSession ID: 9ec0767b93a8f931e335dbb138b8dfa8)","description":"Logout","startTime":1521034767409,"endTime":1521034767982,"childRecords":[{"testStatus":{"stackTrace":"","statusValue":"INFO"},"type":"MESSAGE","name":"","message":"Evaluating variables for test case","startTime":1521034767413,"endTime":0,"childRecords":[],"interuppted":false},{"index":1,"isIgnoredIfFailed":false,"type":"TEST_STEP","name":"waitForPageLoad","message":"Wait for page load successfully","description":"","startTime":1521034767526,"endTime":1521034767570,"childRecords":[{"testStatus":{"stackTrace":"","statusValue":"PASSED"},"type":"MESSAGE","name":"","message":"Wait for page load successfully","startTime":1521034767570,"endTime":0,"childRecords":[],"interuppted":false}],"interuppted":false},{"attachment":"1521034767628.png","index":2,"isIgnoredIfFailed":false,"type":"TEST_STEP","name":"click","message":"Unable to click on object \u0027Object Repository/Logout/Page_Logout/div_profile-picture\u0027 (Root cause: org.openqa.selenium.WebDriverException: unknown error: Element \u003cdiv class\u003d\"profile-picture\" style\u003d\"background-image: url(\u0026quot;https://dsqal105-euw1-20qna10312-3dswym.3dx-staging.3ds.com:443/api/user/getpicture/login/technoqa/format/normal\u0026quot;);\"\u003e\u003c/div\u003e is not clickable at point (1632, 21). Other element would receive the click: \u003cdiv class\u003d\"add-dashboard-modal modal modal-root\" style\u003d\"display: block;\"\u003e...\u003c/div\u003e\n  (Session info: chrome\u003d64.0.3282.186)\n  (Driver info: chromedriver\u003d2.35.528161 (5b82f2d2aae0ca24b877009200ced9065a772e73),platform\u003dWindows NT 10.0.15063 x86_64) (WARNING: The server did not provide any stacktrace information)\nCommand duration or timeout: 0 milliseconds\nBuild info: version: \u00273.7.1\u0027, revision: \u00278a0099a\u0027, time: \u00272017-11-06T21:07:36.161Z\u0027\nSystem info: host: \u0027LP5-ADS-DSY\u0027, ip: \u002710.239.168.253\u0027, os.name: \u0027Windows 10\u0027, os.arch: \u0027amd64\u0027, os.version: \u002710.0\u0027, java.version: \u00271.8.0_102\u0027\nDriver info: com.kms.katalon.selenium.driver.CChromeDriver\nCapabilities {acceptInsecureCerts: false, acceptSslCerts: false, applicationCacheEnabled: false, browserConnectionEnabled: false, browserName: chrome, chrome: {chromedriverVersion: 2.35.528161 (5b82f2d2aae0ca..., userDataDir: C:\\Users\\ads\\AppData\\Local\\...}, cssSelectorsEnabled: true, databaseEnabled: false, handlesAlerts: true, hasTouchScreen: false, javascriptEnabled: true, locationContextEnabled: true, mobileEmulationEnabled: false, nativeEvents: true, networkConnectionEnabled: false, pageLoadStrategy: normal, platform: XP, platformName: XP, rotatable: false, setWindowRect: true, takesHeapSnapshot: true, takesScreenshot: true, unexpectedAlertBehaviour: , unhandledPromptBehavior: , version: 64.0.3282.186, webStorageEnabled: true}\nSession ID: 9ec0767b93a8f931e335dbb138b8dfa8)","description":"Click on profile picture icon","startTime":1521034767570,"endTime":1521034767979,"childRecords":[{"testStatus":{"stackTrace":"","statusValue":"FAILED"},"attachment":"1521034767628.png","type":"MESSAGE","name":"","message":"Unable to click on object \u0027Object Repository/Logout/Page_Logout/div_profile-picture\u0027 (Root cause: org.openqa.selenium.WebDriverException: unknown error: Element \u003cdiv class\u003d\"profile-picture\" style\u003d\"background-image: url(\u0026quot;https://dsqal105-euw1-20qna10312-3dswym.3dx-staging.3ds.com:443/api/user/getpicture/login/technoqa/format/normal\u0026quot;);\"\u003e\u003c/div\u003e is not clickable at point (1632, 21). Other element would receive the click: \u003cdiv class\u003d\"add-dashboard-modal modal modal-root\" style\u003d\"display: block;\"\u003e...\u003c/div\u003e\n  (Session info: chrome\u003d64.0.3282.186)\n  (Driver info: chromedriver\u003d2.35.528161 (5b82f2d2aae0ca24b877009200ced9065a772e73),platform\u003dWindows NT 10.0.15063 x86_64) (WARNING: The server did not provide any stacktrace information)\nCommand duration or timeout: 0 milliseconds\nBuild info: version: \u00273.7.1\u0027, revision: \u00278a0099a\u0027, time: \u00272017-11-06T21:07:36.161Z\u0027\nSystem info: host: \u0027LP5-ADS-DSY\u0027, ip: \u002710.239.168.253\u0027, os.name: \u0027Windows 10\u0027, os.arch: \u0027amd64\u0027, os.version: \u002710.0\u0027, java.version: \u00271.8.0_102\u0027\nDriver info: com.kms.katalon.selenium.driver.CChromeDriver\nCapabilities {acceptInsecureCerts: false, acceptSslCerts: false, applicationCacheEnabled: false, browserConnectionEnabled: false, browserName: chrome, chrome: {chromedriverVersion: 2.35.528161 (5b82f2d2aae0ca..., userDataDir: C:\\Users\\ads\\AppData\\Local\\...}, cssSelectorsEnabled: true, databaseEnabled: false, handlesAlerts: true, hasTouchScreen: false, javascriptEnabled: true, locationContextEnabled: true, mobileEmulationEnabled: false, nativeEvents: true, networkConnectionEnabled: false, pageLoadStrategy: normal, platform: XP, platformName: XP, rotatable: false, setWindowRect: true, takesHeapSnapshot: true, takesScreenshot: true, unexpectedAlertBehaviour: , unhandledPromptBehavior: , version: 64.0.3282.186, webStorageEnabled: true}\nSession ID: 9ec0767b93a8f931e335dbb138b8dfa8)","startTime":1521034767978,"endTime":0,"childRecords":[],"interuppted":false}],"interuppted":false},{"testStatus":{"stackTrace":"","statusValue":"FAILED"},"type":"MESSAGE","name":"","message":"Test Cases/Logout FAILED because (of) Unable to click on object \u0027Object Repository/Logout/Page_Logout/div_profile-picture\u0027 (Root cause: org.openqa.selenium.WebDriverException: unknown error: Element \u003cdiv class\u003d\"profile-picture\" style\u003d\"background-image: url(\u0026quot;https://dsqal105-euw1-20qna10312-3dswym.3dx-staging.3ds.com:443/api/user/getpicture/login/technoqa/format/normal\u0026quot;);\"\u003e\u003c/div\u003e is not clickable at point (1632, 21). Other element would receive the click: \u003cdiv class\u003d\"add-dashboard-modal modal modal-root\" style\u003d\"display: block;\"\u003e...\u003c/div\u003e\n  (Session info: chrome\u003d64.0.3282.186)\n  (Driver info: chromedriver\u003d2.35.528161 (5b82f2d2aae0ca24b877009200ced9065a772e73),platform\u003dWindows NT 10.0.15063 x86_64) (WARNING: The server did not provide any stacktrace information)\nCommand duration or timeout: 0 milliseconds\nBuild info: version: \u00273.7.1\u0027, revision: \u00278a0099a\u0027, time: \u00272017-11-06T21:07:36.161Z\u0027\nSystem info: host: \u0027LP5-ADS-DSY\u0027, ip: \u002710.239.168.253\u0027, os.name: \u0027Windows 10\u0027, os.arch: \u0027amd64\u0027, os.version: \u002710.0\u0027, java.version: \u00271.8.0_102\u0027\nDriver info: com.kms.katalon.selenium.driver.CChromeDriver\nCapabilities {acceptInsecureCerts: false, acceptSslCerts: false, applicationCacheEnabled: false, browserConnectionEnabled: false, browserName: chrome, chrome: {chromedriverVersion: 2.35.528161 (5b82f2d2aae0ca..., userDataDir: C:\\Users\\ads\\AppData\\Local\\...}, cssSelectorsEnabled: true, databaseEnabled: false, handlesAlerts: true, hasTouchScreen: false, javascriptEnabled: true, locationContextEnabled: true, mobileEmulationEnabled: false, nativeEvents: true, networkConnectionEnabled: false, pageLoadStrategy: normal, platform: XP, platformName: XP, rotatable: false, setWindowRect: true, takesHeapSnapshot: true, takesScreenshot: true, unexpectedAlertBehaviour: , unhandledPromptBehavior: , version: 64.0.3282.186, webStorageEnabled: true}\nSession ID: 9ec0767b93a8f931e335dbb138b8dfa8)","startTime":1521034767980,"endTime":0,"childRecords":[],"interuppted":false}],"interuppted":false}],"interuppted":false}