<?xml version="1.0" encoding="UTF-8"?>
<testsuites name="SCN047865 Auto_BasicSanityTest Cloud3DExperiencePlatformTest" time="10" tests="2" failures="2" errors="0">
   <testsuite name="SCN047865 Auto_BasicSanityTest Cloud3DExperiencePlatformTest" tests="2" failures="2" errors="0" time="10" timestamp="2018-03-14 14:39:18" hostname="ADS - LP5-ADS-DSY.dsone.3ds.com" id="Test Suites/R2018x/Scenarios Test Suites/SCN047865 Auto_BasicSanityTest Cloud3DExperiencePlatformTest">
      <properties>
         <property name="deviceName" value=""/>
         <property name="devicePlatform" value=""/>
         <property name="logFolder" value="C:\\Users\\ads\\git\\TechnoQA\\Reports\\R2018x\\Scenarios Test Suites\\SCN047865 Auto_BasicSanityTest Cloud3DExperiencePlatformTest\\20180314_143917"/>
         <property name="logFiles" value="C:\\Users\\ads\\git\\TechnoQA\\Reports\\R2018x\\Scenarios Test Suites\\SCN047865 Auto_BasicSanityTest Cloud3DExperiencePlatformTest\\20180314_143917\\execution0.log"/>
         <property name="attachments" value="C:\\Users\\ads\\git\\TechnoQA\\Reports\\R2018x\\Scenarios Test Suites\\SCN047865 Auto_BasicSanityTest Cloud3DExperiencePlatformTest\\20180314_143917\\1521034766998.png, C:\\Users\\ads\\git\\TechnoQA\\Reports\\R2018x\\Scenarios Test Suites\\SCN047865 Auto_BasicSanityTest Cloud3DExperiencePlatformTest\\20180314_143917\\1521034767628.png"/>
         <property name="hostName" value="ADS - LP5-ADS-DSY.dsone.3ds.com"/>
         <property name="os" value="Windows 10 64bit"/>
         <property name="katalonVersion" value="5.3.1.1"/>
         <property name="browser" value="Chrome 64.0.3282.186"/>
         <property name="hostAddress" value="10.239.168.253"/>
         <property name="sessionId" value="9ec0767b93a8f931e335dbb138b8dfa8"/>
         <property name="seleniumVersion" value="3.7.1"/>
         <property name="proxyInformation" value="ProxyInformation{proxyOption=NO_PROXY, proxyServerType=HTTP, password=, proxyServerAddress=, proxyServerPort=0}"/>
         <property name="platform" value="Windows 10"/>
      </properties>
      <testcase name="Test Cases/NavigateURLR2018x" classname="Test Cases/NavigateURLR2018x" status="PASSED">
         <system-out><![CDATA[2018-03-14 14:39:18 - [TEST_CASE][PASSED] - Test Cases/NavigateURLR2018x: Test Cases/NavigateURLR2018x

2018-03-14 14:39:19 - [TEST_STEP][PASSED] - openBrowser: Browser is opened with url: ''

2018-03-14 14:39:21 - [MESSAGE][PASSED] - Browser is opened with url: ''

2018-03-14 14:39:21 - [TEST_STEP][PASSED] - navigateToUrl: Navigate to 'https://euw1-20qna10312-ifwe.3dx-staging.3ds.com/' successfully

2018-03-14 14:39:22 - [MESSAGE][PASSED] - Navigate to 'https://euw1-20qna10312-ifwe.3dx-staging.3ds.com/' successfully

2018-03-14 14:39:22 - [TEST_STEP][PASSED] - maximizeWindow: Current window maximized

2018-03-14 14:39:23 - [MESSAGE][PASSED] - Current window maximized]]></system-out>
         <system-err><![CDATA[]]></system-err>
      </testcase>
      <testcase name="Test Cases/LoginToPod" classname="Test Cases/LoginToPod" status="PASSED">
         <system-out><![CDATA[2018-03-14 14:39:23 - [TEST_CASE][PASSED] - Test Cases/LoginToPod: Test Cases/LoginToPod

2018-03-14 14:39:23 - [TEST_STEP][NOT_RUN] - openBrowser: NOT_RUN: openBrowser

2018-03-14 14:39:23 - [MESSAGE][NOT_RUN] - NOT_RUN: openBrowser

2018-03-14 14:39:23 - [TEST_STEP][NOT_RUN] - navigateToUrl: NOT_RUN: navigateToUrl

2018-03-14 14:39:23 - [MESSAGE][NOT_RUN] - NOT_RUN: navigateToUrl

2018-03-14 14:39:23 - [TEST_STEP][NOT_RUN] - maximizeWindow: NOT_RUN: maximizeWindow

2018-03-14 14:39:23 - [MESSAGE][NOT_RUN] - NOT_RUN: maximizeWindow

2018-03-14 14:39:23 - [TEST_STEP][NOT_RUN] - callTestCase: NOT_RUN: callTestCase

2018-03-14 14:39:23 - [MESSAGE][NOT_RUN] - NOT_RUN: callTestCase

2018-03-14 14:39:23 - [TEST_STEP][PASSED] - setText: Text 'Technoqa' is set on object 'Object Repository/LoginToPod/Page_3DPassport - Login/input_username'

2018-03-14 14:39:23 - [MESSAGE][PASSED] - Text 'Technoqa' is set on object 'Object Repository/LoginToPod/Page_3DPassport - Login/input_username'

2018-03-14 14:39:23 - [TEST_STEP][PASSED] - setText: Text 'Techno2016#' is set on object 'Object Repository/LoginToPod/Page_3DPassport - Login/input_password'

2018-03-14 14:39:23 - [MESSAGE][PASSED] - Text 'Techno2016#' is set on object 'Object Repository/LoginToPod/Page_3DPassport - Login/input_password'

2018-03-14 14:39:23 - [TEST_STEP][PASSED] - verifyElementVisible: Object 'Object Repository/LoginToPod/Page_3DPassport - Login/input_uwa-submit uwa-submit-ro' is visible

2018-03-14 14:39:23 - [MESSAGE][PASSED] - Object 'Object Repository/LoginToPod/Page_3DPassport - Login/input_uwa-submit uwa-submit-ro' is visible

2018-03-14 14:39:23 - [TEST_STEP][PASSED] - click: Object: 'Object Repository/LoginToPod/Page_3DPassport - Login/input_uwa-submit uwa-submit-ro' is clicked on

2018-03-14 14:39:24 - [MESSAGE][PASSED] - Object: 'Object Repository/LoginToPod/Page_3DPassport - Login/input_uwa-submit uwa-submit-ro' is clicked on

2018-03-14 14:39:24 - [TEST_STEP][PASSED] - verifyElementVisible: Object 'Object Repository/LoginToPod/Page_3DPassport - Login/span_3DEXPERIENCE' is visible

2018-03-14 14:39:25 - [MESSAGE][PASSED] - Object 'Object Repository/LoginToPod/Page_3DPassport - Login/span_3DEXPERIENCE' is visible]]></system-out>
         <system-err><![CDATA[]]></system-err>
      </testcase>
      <testcase name="Test Cases/DashboardFunctions/CreateNewDashboard" classname="Test Cases/DashboardFunctions/CreateNewDashboard" status="FAILED">
         <failure type="FAILED" message="Unable to click on object 'Object Repository/CreateNewDashboardAndTab/Page_CreateNewDashboard/button_Create' (Root cause: org.openqa.selenium.WebDriverException: unknown error: Element &lt;button type=&quot;button&quot; class=&quot;btn-primary btn btn-root&quot;>...&lt;/button> is not clickable at point (1114, 405). Other element would receive the click: &lt;div class=&quot;ds-coachmark-content-image ds-coachmark-content-en-1&quot;>&lt;/div>
  (Session info: chrome=64.0.3282.186)
  (Driver info: chromedriver=2.35.528161 (5b82f2d2aae0ca24b877009200ced9065a772e73),platform=Windows NT 10.0.15063 x86_64) (WARNING: The server did not provide any stacktrace information)
Command duration or timeout: 0 milliseconds
Build info: version: '3.7.1', revision: '8a0099a', time: '2017-11-06T21:07:36.161Z'
System info: host: 'LP5-ADS-DSY', ip: '10.239.168.253', os.name: 'Windows 10', os.arch: 'amd64', os.version: '10.0', java.version: '1.8.0_102'
Driver info: com.kms.katalon.selenium.driver.CChromeDriver
Capabilities {acceptInsecureCerts: false, acceptSslCerts: false, applicationCacheEnabled: false, browserConnectionEnabled: false, browserName: chrome, chrome: {chromedriverVersion: 2.35.528161 (5b82f2d2aae0ca..., userDataDir: C:\Users\ads\AppData\Local\...}, cssSelectorsEnabled: true, databaseEnabled: false, handlesAlerts: true, hasTouchScreen: false, javascriptEnabled: true, locationContextEnabled: true, mobileEmulationEnabled: false, nativeEvents: true, networkConnectionEnabled: false, pageLoadStrategy: normal, platform: XP, platformName: XP, rotatable: false, setWindowRect: true, takesHeapSnapshot: true, takesScreenshot: true, unexpectedAlertBehaviour: , unhandledPromptBehavior: , version: 64.0.3282.186, webStorageEnabled: true}
Session ID: 9ec0767b93a8f931e335dbb138b8dfa8)"/>
         <system-out><![CDATA[2018-03-14 14:39:25 - [TEST_CASE][FAILED] - Test Cases/DashboardFunctions/CreateNewDashboard: Test Cases/DashboardFunctions/CreateNewDashboard FAILED because (of) Unable to click on object 'Object Repository/CreateNewDashboardAndTab/Page_CreateNewDashboard/button_Create' (Root cause: org.openqa.selenium.WebDriverException: unknown error: Element <button type="button" class="btn-primary btn btn-root">...</button> is not clickable at point (1114, 405). Other element would receive the click: <div class="ds-coachmark-content-image ds-coachmark-content-en-1"></div>
  (Session info: chrome=64.0.3282.186)
  (Driver info: chromedriver=2.35.528161 (5b82f2d2aae0ca24b877009200ced9065a772e73),platform=Windows NT 10.0.15063 x86_64) (WARNING: The server did not provide any stacktrace information)
Command duration or timeout: 0 milliseconds
Build info: version: '3.7.1', revision: '8a0099a', time: '2017-11-06T21:07:36.161Z'
System info: host: 'LP5-ADS-DSY', ip: '10.239.168.253', os.name: 'Windows 10', os.arch: 'amd64', os.version: '10.0', java.version: '1.8.0_102'
Driver info: com.kms.katalon.selenium.driver.CChromeDriver
Capabilities {acceptInsecureCerts: false, acceptSslCerts: false, applicationCacheEnabled: false, browserConnectionEnabled: false, browserName: chrome, chrome: {chromedriverVersion: 2.35.528161 (5b82f2d2aae0ca..., userDataDir: C:\Users\ads\AppData\Local\...}, cssSelectorsEnabled: true, databaseEnabled: false, handlesAlerts: true, hasTouchScreen: false, javascriptEnabled: true, locationContextEnabled: true, mobileEmulationEnabled: false, nativeEvents: true, networkConnectionEnabled: false, pageLoadStrategy: normal, platform: XP, platformName: XP, rotatable: false, setWindowRect: true, takesHeapSnapshot: true, takesScreenshot: true, unexpectedAlertBehaviour: , unhandledPromptBehavior: , version: 64.0.3282.186, webStorageEnabled: true}
Session ID: 9ec0767b93a8f931e335dbb138b8dfa8)

2018-03-14 14:39:25 - [TEST_STEP][PASSED] - click: Object: 'Object Repository/CreateNewDashboardAndTab/Page_CreateNewDashboard/div_dashboard-actions-holder f' is clicked on

2018-03-14 14:39:26 - [MESSAGE][PASSED] - Object: 'Object Repository/CreateNewDashboardAndTab/Page_CreateNewDashboard/div_dashboard-actions-holder f' is clicked on

2018-03-14 14:39:26 - [TEST_STEP][PASSED] - click: Object: 'Object Repository/CreateNewDashboardAndTab/Page_CreateNewDashboard/span_Add Dashboard...' is clicked on

2018-03-14 14:39:26 - [MESSAGE][PASSED] - Object: 'Object Repository/CreateNewDashboardAndTab/Page_CreateNewDashboard/span_Add Dashboard...' is clicked on

2018-03-14 14:39:26 - [TEST_STEP][PASSED] - setText: Text 'Test JCN9 auto' is set on object 'Object Repository/CreateNewDashboardAndTab/Page_CreateNewDashboard/input_form-control form-contro'

2018-03-14 14:39:26 - [MESSAGE][PASSED] - Text 'Test JCN9 auto' is set on object 'Object Repository/CreateNewDashboardAndTab/Page_CreateNewDashboard/input_form-control form-contro'

2018-03-14 14:39:26 - [TEST_STEP][FAILED] - click: Unable to click on object 'Object Repository/CreateNewDashboardAndTab/Page_CreateNewDashboard/button_Create' (Root cause: org.openqa.selenium.WebDriverException: unknown error: Element <button type="button" class="btn-primary btn btn-root">...</button> is not clickable at point (1114, 405). Other element would receive the click: <div class="ds-coachmark-content-image ds-coachmark-content-en-1"></div>
  (Session info: chrome=64.0.3282.186)
  (Driver info: chromedriver=2.35.528161 (5b82f2d2aae0ca24b877009200ced9065a772e73),platform=Windows NT 10.0.15063 x86_64) (WARNING: The server did not provide any stacktrace information)
Command duration or timeout: 0 milliseconds
Build info: version: '3.7.1', revision: '8a0099a', time: '2017-11-06T21:07:36.161Z'
System info: host: 'LP5-ADS-DSY', ip: '10.239.168.253', os.name: 'Windows 10', os.arch: 'amd64', os.version: '10.0', java.version: '1.8.0_102'
Driver info: com.kms.katalon.selenium.driver.CChromeDriver
Capabilities {acceptInsecureCerts: false, acceptSslCerts: false, applicationCacheEnabled: false, browserConnectionEnabled: false, browserName: chrome, chrome: {chromedriverVersion: 2.35.528161 (5b82f2d2aae0ca..., userDataDir: C:\Users\ads\AppData\Local\...}, cssSelectorsEnabled: true, databaseEnabled: false, handlesAlerts: true, hasTouchScreen: false, javascriptEnabled: true, locationContextEnabled: true, mobileEmulationEnabled: false, nativeEvents: true, networkConnectionEnabled: false, pageLoadStrategy: normal, platform: XP, platformName: XP, rotatable: false, setWindowRect: true, takesHeapSnapshot: true, takesScreenshot: true, unexpectedAlertBehaviour: , unhandledPromptBehavior: , version: 64.0.3282.186, webStorageEnabled: true}
Session ID: 9ec0767b93a8f931e335dbb138b8dfa8)

2018-03-14 14:39:27 - [MESSAGE][FAILED] - Unable to click on object 'Object Repository/CreateNewDashboardAndTab/Page_CreateNewDashboard/button_Create' (Root cause: org.openqa.selenium.WebDriverException: unknown error: Element <button type="button" class="btn-primary btn btn-root">...</button> is not clickable at point (1114, 405). Other element would receive the click: <div class="ds-coachmark-content-image ds-coachmark-content-en-1"></div>
  (Session info: chrome=64.0.3282.186)
  (Driver info: chromedriver=2.35.528161 (5b82f2d2aae0ca24b877009200ced9065a772e73),platform=Windows NT 10.0.15063 x86_64) (WARNING: The server did not provide any stacktrace information)
Command duration or timeout: 0 milliseconds
Build info: version: '3.7.1', revision: '8a0099a', time: '2017-11-06T21:07:36.161Z'
System info: host: 'LP5-ADS-DSY', ip: '10.239.168.253', os.name: 'Windows 10', os.arch: 'amd64', os.version: '10.0', java.version: '1.8.0_102'
Driver info: com.kms.katalon.selenium.driver.CChromeDriver
Capabilities {acceptInsecureCerts: false, acceptSslCerts: false, applicationCacheEnabled: false, browserConnectionEnabled: false, browserName: chrome, chrome: {chromedriverVersion: 2.35.528161 (5b82f2d2aae0ca..., userDataDir: C:\Users\ads\AppData\Local\...}, cssSelectorsEnabled: true, databaseEnabled: false, handlesAlerts: true, hasTouchScreen: false, javascriptEnabled: true, locationContextEnabled: true, mobileEmulationEnabled: false, nativeEvents: true, networkConnectionEnabled: false, pageLoadStrategy: normal, platform: XP, platformName: XP, rotatable: false, setWindowRect: true, takesHeapSnapshot: true, takesScreenshot: true, unexpectedAlertBehaviour: , unhandledPromptBehavior: , version: 64.0.3282.186, webStorageEnabled: true}
Session ID: 9ec0767b93a8f931e335dbb138b8dfa8)
[[ATTACHMENT|C:\\Users\\ads\\git\\TechnoQA\\Reports\\R2018x\\Scenarios Test Suites\\SCN047865 Auto_BasicSanityTest Cloud3DExperiencePlatformTest\\20180314_143917\\1521034766998.png]]]]></system-out>
         <system-err><![CDATA[2018-03-14 14:39:25 - [TEST_CASE][FAILED] - Test Cases/DashboardFunctions/CreateNewDashboard: Test Cases/DashboardFunctions/CreateNewDashboard FAILED because (of) Unable to click on object 'Object Repository/CreateNewDashboardAndTab/Page_CreateNewDashboard/button_Create' (Root cause: org.openqa.selenium.WebDriverException: unknown error: Element <button type="button" class="btn-primary btn btn-root">...</button> is not clickable at point (1114, 405). Other element would receive the click: <div class="ds-coachmark-content-image ds-coachmark-content-en-1"></div>
  (Session info: chrome=64.0.3282.186)
  (Driver info: chromedriver=2.35.528161 (5b82f2d2aae0ca24b877009200ced9065a772e73),platform=Windows NT 10.0.15063 x86_64) (WARNING: The server did not provide any stacktrace information)
Command duration or timeout: 0 milliseconds
Build info: version: '3.7.1', revision: '8a0099a', time: '2017-11-06T21:07:36.161Z'
System info: host: 'LP5-ADS-DSY', ip: '10.239.168.253', os.name: 'Windows 10', os.arch: 'amd64', os.version: '10.0', java.version: '1.8.0_102'
Driver info: com.kms.katalon.selenium.driver.CChromeDriver
Capabilities {acceptInsecureCerts: false, acceptSslCerts: false, applicationCacheEnabled: false, browserConnectionEnabled: false, browserName: chrome, chrome: {chromedriverVersion: 2.35.528161 (5b82f2d2aae0ca..., userDataDir: C:\Users\ads\AppData\Local\...}, cssSelectorsEnabled: true, databaseEnabled: false, handlesAlerts: true, hasTouchScreen: false, javascriptEnabled: true, locationContextEnabled: true, mobileEmulationEnabled: false, nativeEvents: true, networkConnectionEnabled: false, pageLoadStrategy: normal, platform: XP, platformName: XP, rotatable: false, setWindowRect: true, takesHeapSnapshot: true, takesScreenshot: true, unexpectedAlertBehaviour: , unhandledPromptBehavior: , version: 64.0.3282.186, webStorageEnabled: true}
Session ID: 9ec0767b93a8f931e335dbb138b8dfa8)]]></system-err>
      </testcase>
      <testcase name="Test Cases/Logout" classname="Test Cases/Logout" status="FAILED">
         <failure type="FAILED" message="Unable to click on object 'Object Repository/Logout/Page_Logout/div_profile-picture' (Root cause: org.openqa.selenium.WebDriverException: unknown error: Element &lt;div class=&quot;profile-picture&quot; style=&quot;background-image: url(&amp;quot;https://dsqal105-euw1-20qna10312-3dswym.3dx-staging.3ds.com:443/api/user/getpicture/login/technoqa/format/normal&amp;quot;);&quot;>&lt;/div> is not clickable at point (1632, 21). Other element would receive the click: &lt;div class=&quot;add-dashboard-modal modal modal-root&quot; style=&quot;display: block;&quot;>...&lt;/div>
  (Session info: chrome=64.0.3282.186)
  (Driver info: chromedriver=2.35.528161 (5b82f2d2aae0ca24b877009200ced9065a772e73),platform=Windows NT 10.0.15063 x86_64) (WARNING: The server did not provide any stacktrace information)
Command duration or timeout: 0 milliseconds
Build info: version: '3.7.1', revision: '8a0099a', time: '2017-11-06T21:07:36.161Z'
System info: host: 'LP5-ADS-DSY', ip: '10.239.168.253', os.name: 'Windows 10', os.arch: 'amd64', os.version: '10.0', java.version: '1.8.0_102'
Driver info: com.kms.katalon.selenium.driver.CChromeDriver
Capabilities {acceptInsecureCerts: false, acceptSslCerts: false, applicationCacheEnabled: false, browserConnectionEnabled: false, browserName: chrome, chrome: {chromedriverVersion: 2.35.528161 (5b82f2d2aae0ca..., userDataDir: C:\Users\ads\AppData\Local\...}, cssSelectorsEnabled: true, databaseEnabled: false, handlesAlerts: true, hasTouchScreen: false, javascriptEnabled: true, locationContextEnabled: true, mobileEmulationEnabled: false, nativeEvents: true, networkConnectionEnabled: false, pageLoadStrategy: normal, platform: XP, platformName: XP, rotatable: false, setWindowRect: true, takesHeapSnapshot: true, takesScreenshot: true, unexpectedAlertBehaviour: , unhandledPromptBehavior: , version: 64.0.3282.186, webStorageEnabled: true}
Session ID: 9ec0767b93a8f931e335dbb138b8dfa8)"/>
         <system-out><![CDATA[2018-03-14 14:39:27 - [TEST_CASE][FAILED] - Test Cases/Logout: Test Cases/Logout FAILED because (of) Unable to click on object 'Object Repository/Logout/Page_Logout/div_profile-picture' (Root cause: org.openqa.selenium.WebDriverException: unknown error: Element <div class="profile-picture" style="background-image: url(&quot;https://dsqal105-euw1-20qna10312-3dswym.3dx-staging.3ds.com:443/api/user/getpicture/login/technoqa/format/normal&quot;);"></div> is not clickable at point (1632, 21). Other element would receive the click: <div class="add-dashboard-modal modal modal-root" style="display: block;">...</div>
  (Session info: chrome=64.0.3282.186)
  (Driver info: chromedriver=2.35.528161 (5b82f2d2aae0ca24b877009200ced9065a772e73),platform=Windows NT 10.0.15063 x86_64) (WARNING: The server did not provide any stacktrace information)
Command duration or timeout: 0 milliseconds
Build info: version: '3.7.1', revision: '8a0099a', time: '2017-11-06T21:07:36.161Z'
System info: host: 'LP5-ADS-DSY', ip: '10.239.168.253', os.name: 'Windows 10', os.arch: 'amd64', os.version: '10.0', java.version: '1.8.0_102'
Driver info: com.kms.katalon.selenium.driver.CChromeDriver
Capabilities {acceptInsecureCerts: false, acceptSslCerts: false, applicationCacheEnabled: false, browserConnectionEnabled: false, browserName: chrome, chrome: {chromedriverVersion: 2.35.528161 (5b82f2d2aae0ca..., userDataDir: C:\Users\ads\AppData\Local\...}, cssSelectorsEnabled: true, databaseEnabled: false, handlesAlerts: true, hasTouchScreen: false, javascriptEnabled: true, locationContextEnabled: true, mobileEmulationEnabled: false, nativeEvents: true, networkConnectionEnabled: false, pageLoadStrategy: normal, platform: XP, platformName: XP, rotatable: false, setWindowRect: true, takesHeapSnapshot: true, takesScreenshot: true, unexpectedAlertBehaviour: , unhandledPromptBehavior: , version: 64.0.3282.186, webStorageEnabled: true}
Session ID: 9ec0767b93a8f931e335dbb138b8dfa8)

2018-03-14 14:39:27 - [TEST_STEP][PASSED] - waitForPageLoad: Wait for page load successfully

2018-03-14 14:39:27 - [MESSAGE][PASSED] - Wait for page load successfully

2018-03-14 14:39:27 - [TEST_STEP][FAILED] - click: Unable to click on object 'Object Repository/Logout/Page_Logout/div_profile-picture' (Root cause: org.openqa.selenium.WebDriverException: unknown error: Element <div class="profile-picture" style="background-image: url(&quot;https://dsqal105-euw1-20qna10312-3dswym.3dx-staging.3ds.com:443/api/user/getpicture/login/technoqa/format/normal&quot;);"></div> is not clickable at point (1632, 21). Other element would receive the click: <div class="add-dashboard-modal modal modal-root" style="display: block;">...</div>
  (Session info: chrome=64.0.3282.186)
  (Driver info: chromedriver=2.35.528161 (5b82f2d2aae0ca24b877009200ced9065a772e73),platform=Windows NT 10.0.15063 x86_64) (WARNING: The server did not provide any stacktrace information)
Command duration or timeout: 0 milliseconds
Build info: version: '3.7.1', revision: '8a0099a', time: '2017-11-06T21:07:36.161Z'
System info: host: 'LP5-ADS-DSY', ip: '10.239.168.253', os.name: 'Windows 10', os.arch: 'amd64', os.version: '10.0', java.version: '1.8.0_102'
Driver info: com.kms.katalon.selenium.driver.CChromeDriver
Capabilities {acceptInsecureCerts: false, acceptSslCerts: false, applicationCacheEnabled: false, browserConnectionEnabled: false, browserName: chrome, chrome: {chromedriverVersion: 2.35.528161 (5b82f2d2aae0ca..., userDataDir: C:\Users\ads\AppData\Local\...}, cssSelectorsEnabled: true, databaseEnabled: false, handlesAlerts: true, hasTouchScreen: false, javascriptEnabled: true, locationContextEnabled: true, mobileEmulationEnabled: false, nativeEvents: true, networkConnectionEnabled: false, pageLoadStrategy: normal, platform: XP, platformName: XP, rotatable: false, setWindowRect: true, takesHeapSnapshot: true, takesScreenshot: true, unexpectedAlertBehaviour: , unhandledPromptBehavior: , version: 64.0.3282.186, webStorageEnabled: true}
Session ID: 9ec0767b93a8f931e335dbb138b8dfa8)

2018-03-14 14:39:27 - [MESSAGE][FAILED] - Unable to click on object 'Object Repository/Logout/Page_Logout/div_profile-picture' (Root cause: org.openqa.selenium.WebDriverException: unknown error: Element <div class="profile-picture" style="background-image: url(&quot;https://dsqal105-euw1-20qna10312-3dswym.3dx-staging.3ds.com:443/api/user/getpicture/login/technoqa/format/normal&quot;);"></div> is not clickable at point (1632, 21). Other element would receive the click: <div class="add-dashboard-modal modal modal-root" style="display: block;">...</div>
  (Session info: chrome=64.0.3282.186)
  (Driver info: chromedriver=2.35.528161 (5b82f2d2aae0ca24b877009200ced9065a772e73),platform=Windows NT 10.0.15063 x86_64) (WARNING: The server did not provide any stacktrace information)
Command duration or timeout: 0 milliseconds
Build info: version: '3.7.1', revision: '8a0099a', time: '2017-11-06T21:07:36.161Z'
System info: host: 'LP5-ADS-DSY', ip: '10.239.168.253', os.name: 'Windows 10', os.arch: 'amd64', os.version: '10.0', java.version: '1.8.0_102'
Driver info: com.kms.katalon.selenium.driver.CChromeDriver
Capabilities {acceptInsecureCerts: false, acceptSslCerts: false, applicationCacheEnabled: false, browserConnectionEnabled: false, browserName: chrome, chrome: {chromedriverVersion: 2.35.528161 (5b82f2d2aae0ca..., userDataDir: C:\Users\ads\AppData\Local\...}, cssSelectorsEnabled: true, databaseEnabled: false, handlesAlerts: true, hasTouchScreen: false, javascriptEnabled: true, locationContextEnabled: true, mobileEmulationEnabled: false, nativeEvents: true, networkConnectionEnabled: false, pageLoadStrategy: normal, platform: XP, platformName: XP, rotatable: false, setWindowRect: true, takesHeapSnapshot: true, takesScreenshot: true, unexpectedAlertBehaviour: , unhandledPromptBehavior: , version: 64.0.3282.186, webStorageEnabled: true}
Session ID: 9ec0767b93a8f931e335dbb138b8dfa8)
[[ATTACHMENT|C:\\Users\\ads\\git\\TechnoQA\\Reports\\R2018x\\Scenarios Test Suites\\SCN047865 Auto_BasicSanityTest Cloud3DExperiencePlatformTest\\20180314_143917\\1521034767628.png]]]]></system-out>
         <system-err><![CDATA[2018-03-14 14:39:27 - [TEST_CASE][FAILED] - Test Cases/Logout: Test Cases/Logout FAILED because (of) Unable to click on object 'Object Repository/Logout/Page_Logout/div_profile-picture' (Root cause: org.openqa.selenium.WebDriverException: unknown error: Element <div class="profile-picture" style="background-image: url(&quot;https://dsqal105-euw1-20qna10312-3dswym.3dx-staging.3ds.com:443/api/user/getpicture/login/technoqa/format/normal&quot;);"></div> is not clickable at point (1632, 21). Other element would receive the click: <div class="add-dashboard-modal modal modal-root" style="display: block;">...</div>
  (Session info: chrome=64.0.3282.186)
  (Driver info: chromedriver=2.35.528161 (5b82f2d2aae0ca24b877009200ced9065a772e73),platform=Windows NT 10.0.15063 x86_64) (WARNING: The server did not provide any stacktrace information)
Command duration or timeout: 0 milliseconds
Build info: version: '3.7.1', revision: '8a0099a', time: '2017-11-06T21:07:36.161Z'
System info: host: 'LP5-ADS-DSY', ip: '10.239.168.253', os.name: 'Windows 10', os.arch: 'amd64', os.version: '10.0', java.version: '1.8.0_102'
Driver info: com.kms.katalon.selenium.driver.CChromeDriver
Capabilities {acceptInsecureCerts: false, acceptSslCerts: false, applicationCacheEnabled: false, browserConnectionEnabled: false, browserName: chrome, chrome: {chromedriverVersion: 2.35.528161 (5b82f2d2aae0ca..., userDataDir: C:\Users\ads\AppData\Local\...}, cssSelectorsEnabled: true, databaseEnabled: false, handlesAlerts: true, hasTouchScreen: false, javascriptEnabled: true, locationContextEnabled: true, mobileEmulationEnabled: false, nativeEvents: true, networkConnectionEnabled: false, pageLoadStrategy: normal, platform: XP, platformName: XP, rotatable: false, setWindowRect: true, takesHeapSnapshot: true, takesScreenshot: true, unexpectedAlertBehaviour: , unhandledPromptBehavior: , version: 64.0.3282.186, webStorageEnabled: true}
Session ID: 9ec0767b93a8f931e335dbb138b8dfa8)]]></system-err>
      </testcase>
      <system-out><![CDATA[2018-03-14 14:39:18 - [TEST_SUITE][FAILED] - SCN047865 Auto_BasicSanityTest Cloud3DExperiencePlatformTest: Test Cases/DashboardFunctions/CreateNewDashboard FAILED because (of) Unable to click on object 'Object Repository/CreateNewDashboardAndTab/Page_CreateNewDashboard/button_Create' (Root cause: org.openqa.selenium.WebDriverException: unknown error: Element <button type="button" class="btn-primary btn btn-root">...</button> is not clickable at point (1114, 405). Other element would receive the click: <div class="ds-coachmark-content-image ds-coachmark-content-en-1"></div>
  (Session info: chrome=64.0.3282.186)
  (Driver info: chromedriver=2.35.528161 (5b82f2d2aae0ca24b877009200ced9065a772e73),platform=Windows NT 10.0.15063 x86_64) (WARNING: The server did not provide any stacktrace information)
Command duration or timeout: 0 milliseconds
Build info: version: '3.7.1', revision: '8a0099a', time: '2017-11-06T21:07:36.161Z'
System info: host: 'LP5-ADS-DSY', ip: '10.239.168.253', os.name: 'Windows 10', os.arch: 'amd64', os.version: '10.0', java.version: '1.8.0_102'
Driver info: com.kms.katalon.selenium.driver.CChromeDriver
Capabilities {acceptInsecureCerts: false, acceptSslCerts: false, applicationCacheEnabled: false, browserConnectionEnabled: false, browserName: chrome, chrome: {chromedriverVersion: 2.35.528161 (5b82f2d2aae0ca..., userDataDir: C:\Users\ads\AppData\Local\...}, cssSelectorsEnabled: true, databaseEnabled: false, handlesAlerts: true, hasTouchScreen: false, javascriptEnabled: true, locationContextEnabled: true, mobileEmulationEnabled: false, nativeEvents: true, networkConnectionEnabled: false, pageLoadStrategy: normal, platform: XP, platformName: XP, rotatable: false, setWindowRect: true, takesHeapSnapshot: true, takesScreenshot: true, unexpectedAlertBehaviour: , unhandledPromptBehavior: , version: 64.0.3282.186, webStorageEnabled: true}
Session ID: 9ec0767b93a8f931e335dbb138b8dfa8)]]></system-out>
      <system-err><![CDATA[2018-03-14 14:39:18 - [TEST_SUITE][FAILED] - SCN047865 Auto_BasicSanityTest Cloud3DExperiencePlatformTest: Test Cases/DashboardFunctions/CreateNewDashboard FAILED because (of) Unable to click on object 'Object Repository/CreateNewDashboardAndTab/Page_CreateNewDashboard/button_Create' (Root cause: org.openqa.selenium.WebDriverException: unknown error: Element <button type="button" class="btn-primary btn btn-root">...</button> is not clickable at point (1114, 405). Other element would receive the click: <div class="ds-coachmark-content-image ds-coachmark-content-en-1"></div>
  (Session info: chrome=64.0.3282.186)
  (Driver info: chromedriver=2.35.528161 (5b82f2d2aae0ca24b877009200ced9065a772e73),platform=Windows NT 10.0.15063 x86_64) (WARNING: The server did not provide any stacktrace information)
Command duration or timeout: 0 milliseconds
Build info: version: '3.7.1', revision: '8a0099a', time: '2017-11-06T21:07:36.161Z'
System info: host: 'LP5-ADS-DSY', ip: '10.239.168.253', os.name: 'Windows 10', os.arch: 'amd64', os.version: '10.0', java.version: '1.8.0_102'
Driver info: com.kms.katalon.selenium.driver.CChromeDriver
Capabilities {acceptInsecureCerts: false, acceptSslCerts: false, applicationCacheEnabled: false, browserConnectionEnabled: false, browserName: chrome, chrome: {chromedriverVersion: 2.35.528161 (5b82f2d2aae0ca..., userDataDir: C:\Users\ads\AppData\Local\...}, cssSelectorsEnabled: true, databaseEnabled: false, handlesAlerts: true, hasTouchScreen: false, javascriptEnabled: true, locationContextEnabled: true, mobileEmulationEnabled: false, nativeEvents: true, networkConnectionEnabled: false, pageLoadStrategy: normal, platform: XP, platformName: XP, rotatable: false, setWindowRect: true, takesHeapSnapshot: true, takesScreenshot: true, unexpectedAlertBehaviour: , unhandledPromptBehavior: , version: 64.0.3282.186, webStorageEnabled: true}
Session ID: 9ec0767b93a8f931e335dbb138b8dfa8)]]></system-err>
   </testsuite>
</testsuites>
